[0.037s] Invoking command in '/run/media/rafi/Technical/Github/ws_ros2_control_blink/build/serial': PS1=[\u@\h \W]\$ /usr/bin/cmake /run/media/rafi/Technical/Github/ws_ros2_control_blink/src/serial -DCATKIN_INSTALL_INTO_PREFIX_ROOT=0 -DCMAKE_INSTALL_PREFIX=/run/media/rafi/Technical/Github/ws_ros2_control_blink/install/serial
[0.367s] -- The C compiler identification is GNU 11.4.0
[0.547s] -- The CXX compiler identification is GNU 11.4.0
[0.554s] -- Detecting C compiler ABI info
[0.652s] -- Detecting C compiler ABI info - done
[0.661s] -- Check for working C compiler: /usr/bin/cc - skipped
[0.661s] -- Detecting C compile features
[0.671s] -- Detecting C compile features - done
[0.674s] -- Detecting CXX compiler ABI info
[0.760s] -- Detecting CXX compiler ABI info - done
[0.767s] -- Check for working CXX compiler: /usr/bin/c++ - skipped
[0.767s] -- Detecting CXX compile features
[0.768s] -- Detecting CXX compile features - done
[1.003s] [31mCMake Error at CMakeLists.txt:4 (find_package):
[1.003s]   By not providing "Findament_cmake.cmake" in CMAKE_MODULE_PATH this project
[1.003s]   has asked CMake to find a package configuration file provided by
[1.004s]   "ament_cmake", but CMake did not find one.
[1.004s] 
[1.004s]   Could not find a package configuration file provided by "ament_cmake" with
[1.004s]   any of the following names:
[1.004s] 
[1.004s]     ament_cmakeConfig.cmake
[1.004s]     ament_cmake-config.cmake
[1.004s] 
[1.004s]   Add the installation prefix of "ament_cmake" to CMAKE_PREFIX_PATH or set
[1.004s]   "ament_cmake_DIR" to a directory containing one of the above files.  If
[1.005s]   "ament_cmake" provides a separate development package or SDK, be sure it
[1.005s]   has been installed.
[1.005s] 
[1.005s] [0m
[1.005s] -- Configuring incomplete, errors occurred!
[1.005s] See also "/run/media/rafi/Technical/Github/ws_ros2_control_blink/build/serial/CMakeFiles/CMakeOutput.log".
[1.007s] Invoked command in '/run/media/rafi/Technical/Github/ws_ros2_control_blink/build/serial' returned '1': PS1=[\u@\h \W]\$ /usr/bin/cmake /run/media/rafi/Technical/Github/ws_ros2_control_blink/src/serial -DCATKIN_INSTALL_INTO_PREFIX_ROOT=0 -DCMAKE_INSTALL_PREFIX=/run/media/rafi/Technical/Github/ws_ros2_control_blink/install/serial
