[0.081s] DEBUG:colcon:Command line arguments: ['/usr/bin/colcon', 'build']
[0.082s] DEBUG:colcon:Parsed command line arguments: Namespace(log_base=None, log_level=None, verb_name='build', build_base='build', install_base='install', merge_install=False, symlink_install=False, test_result_base=None, continue_on_error=False, executor='parallel', parallel_workers=12, event_handlers=None, ignore_user_meta=False, metas=['./colcon.meta'], base_paths=['.'], packages_ignore=None, packages_ignore_regex=None, paths=None, packages_up_to=None, packages_up_to_regex=None, packages_above=None, packages_above_and_dependencies=None, packages_above_depth=None, packages_select_by_dep=None, packages_skip_by_dep=None, packages_skip_up_to=None, packages_select_build_failed=False, packages_skip_build_finished=False, packages_select_test_failures=False, packages_skip_test_passed=False, packages_select=None, packages_skip=None, packages_select_regex=None, packages_skip_regex=None, packages_start=None, packages_end=None, allow_overriding=[], cmake_args=None, cmake_target=None, cmake_target_skip_unavailable=False, cmake_clean_cache=False, cmake_clean_first=False, cmake_force_configure=False, ament_cmake_args=None, catkin_cmake_args=None, catkin_skip_building_tests=False, verb_parser=<colcon_defaults.argument_parser.defaults.DefaultArgumentsDecorator object at 0x75df73923340>, verb_extension=<colcon_core.verb.build.BuildVerb object at 0x75df73922da0>, main=<bound method BuildVerb.main of <colcon_core.verb.build.BuildVerb object at 0x75df73922da0>>)
[0.203s] Level 1:colcon.colcon_core.package_discovery:discover_packages(colcon_meta) check parameters
[0.203s] Level 1:colcon.colcon_core.package_discovery:discover_packages(recursive) check parameters
[0.203s] Level 1:colcon.colcon_core.package_discovery:discover_packages(ignore) check parameters
[0.203s] Level 1:colcon.colcon_core.package_discovery:discover_packages(path) check parameters
[0.203s] Level 1:colcon.colcon_core.package_discovery:discover_packages(colcon_meta) discover
[0.204s] Level 1:colcon.colcon_core.package_discovery:discover_packages(recursive) discover
[0.204s] INFO:colcon.colcon_core.package_discovery:Crawling recursively for packages in '/run/media/rafi/Technical/Github/ws_ros2_control_blink'
[0.204s] Level 1:colcon.colcon_core.package_identification:_identify(.) by extensions ['ignore', 'ignore_ament_install']
[0.204s] Level 1:colcon.colcon_core.package_identification:_identify(.) by extension 'ignore'
[0.204s] Level 1:colcon.colcon_core.package_identification:_identify(.) by extension 'ignore_ament_install'
[0.204s] Level 1:colcon.colcon_core.package_identification:_identify(.) by extensions ['colcon_pkg']
[0.204s] Level 1:colcon.colcon_core.package_identification:_identify(.) by extension 'colcon_pkg'
[0.204s] Level 1:colcon.colcon_core.package_identification:_identify(.) by extensions ['colcon_meta']
[0.204s] Level 1:colcon.colcon_core.package_identification:_identify(.) by extension 'colcon_meta'
[0.204s] Level 1:colcon.colcon_core.package_identification:_identify(.) by extensions ['ros']
[0.204s] Level 1:colcon.colcon_core.package_identification:_identify(.) by extension 'ros'
[0.213s] Level 1:colcon.colcon_core.package_identification:_identify(.) by extensions ['cmake', 'python']
[0.213s] Level 1:colcon.colcon_core.package_identification:_identify(.) by extension 'cmake'
[0.213s] Level 1:colcon.colcon_core.package_identification:_identify(.) by extension 'python'
[0.213s] Level 1:colcon.colcon_core.package_identification:_identify(.) by extensions ['python_setup_py']
[0.213s] Level 1:colcon.colcon_core.package_identification:_identify(.) by extension 'python_setup_py'
[0.213s] Level 1:colcon.colcon_core.package_identification:_identify(build) by extensions ['ignore', 'ignore_ament_install']
[0.213s] Level 1:colcon.colcon_core.package_identification:_identify(build) by extension 'ignore'
[0.213s] Level 1:colcon.colcon_core.package_identification:_identify(build) ignored
[0.214s] Level 1:colcon.colcon_core.package_identification:_identify(install) by extensions ['ignore', 'ignore_ament_install']
[0.214s] Level 1:colcon.colcon_core.package_identification:_identify(install) by extension 'ignore'
[0.214s] Level 1:colcon.colcon_core.package_identification:_identify(install) ignored
[0.214s] Level 1:colcon.colcon_core.package_identification:_identify(log) by extensions ['ignore', 'ignore_ament_install']
[0.214s] Level 1:colcon.colcon_core.package_identification:_identify(log) by extension 'ignore'
[0.214s] Level 1:colcon.colcon_core.package_identification:_identify(log) ignored
[0.214s] Level 1:colcon.colcon_core.package_identification:_identify(src) by extensions ['ignore', 'ignore_ament_install']
[0.214s] Level 1:colcon.colcon_core.package_identification:_identify(src) by extension 'ignore'
[0.214s] Level 1:colcon.colcon_core.package_identification:_identify(src) by extension 'ignore_ament_install'
[0.214s] Level 1:colcon.colcon_core.package_identification:_identify(src) by extensions ['colcon_pkg']
[0.214s] Level 1:colcon.colcon_core.package_identification:_identify(src) by extension 'colcon_pkg'
[0.214s] Level 1:colcon.colcon_core.package_identification:_identify(src) by extensions ['colcon_meta']
[0.214s] Level 1:colcon.colcon_core.package_identification:_identify(src) by extension 'colcon_meta'
[0.214s] Level 1:colcon.colcon_core.package_identification:_identify(src) by extensions ['ros']
[0.214s] Level 1:colcon.colcon_core.package_identification:_identify(src) by extension 'ros'
[0.214s] Level 1:colcon.colcon_core.package_identification:_identify(src) by extensions ['cmake', 'python']
[0.214s] Level 1:colcon.colcon_core.package_identification:_identify(src) by extension 'cmake'
[0.214s] Level 1:colcon.colcon_core.package_identification:_identify(src) by extension 'python'
[0.214s] Level 1:colcon.colcon_core.package_identification:_identify(src) by extensions ['python_setup_py']
[0.214s] Level 1:colcon.colcon_core.package_identification:_identify(src) by extension 'python_setup_py'
[0.215s] Level 1:colcon.colcon_core.package_identification:_identify(src/arduino_blink) by extensions ['ignore', 'ignore_ament_install']
[0.215s] Level 1:colcon.colcon_core.package_identification:_identify(src/arduino_blink) by extension 'ignore'
[0.215s] Level 1:colcon.colcon_core.package_identification:_identify(src/arduino_blink) by extension 'ignore_ament_install'
[0.215s] Level 1:colcon.colcon_core.package_identification:_identify(src/arduino_blink) by extensions ['colcon_pkg']
[0.215s] Level 1:colcon.colcon_core.package_identification:_identify(src/arduino_blink) by extension 'colcon_pkg'
[0.215s] Level 1:colcon.colcon_core.package_identification:_identify(src/arduino_blink) by extensions ['colcon_meta']
[0.215s] Level 1:colcon.colcon_core.package_identification:_identify(src/arduino_blink) by extension 'colcon_meta'
[0.215s] Level 1:colcon.colcon_core.package_identification:_identify(src/arduino_blink) by extensions ['ros']
[0.215s] Level 1:colcon.colcon_core.package_identification:_identify(src/arduino_blink) by extension 'ros'
[0.217s] DEBUG:colcon.colcon_core.package_identification:Package 'src/arduino_blink' with type 'ros.ament_cmake' and name 'arduino_blink'
[0.217s] Level 1:colcon.colcon_core.package_identification:_identify(src/serial) by extensions ['ignore', 'ignore_ament_install']
[0.217s] Level 1:colcon.colcon_core.package_identification:_identify(src/serial) by extension 'ignore'
[0.217s] Level 1:colcon.colcon_core.package_identification:_identify(src/serial) by extension 'ignore_ament_install'
[0.217s] Level 1:colcon.colcon_core.package_identification:_identify(src/serial) by extensions ['colcon_pkg']
[0.217s] Level 1:colcon.colcon_core.package_identification:_identify(src/serial) by extension 'colcon_pkg'
[0.217s] Level 1:colcon.colcon_core.package_identification:_identify(src/serial) by extensions ['colcon_meta']
[0.217s] Level 1:colcon.colcon_core.package_identification:_identify(src/serial) by extension 'colcon_meta'
[0.218s] Level 1:colcon.colcon_core.package_identification:_identify(src/serial) by extensions ['ros']
[0.218s] Level 1:colcon.colcon_core.package_identification:_identify(src/serial) by extension 'ros'
[0.218s] DEBUG:colcon.colcon_core.package_identification:Package 'src/serial' with type 'ros.catkin' and name 'serial'
[0.218s] Level 1:colcon.colcon_core.package_discovery:discover_packages(recursive) using defaults
[0.218s] Level 1:colcon.colcon_core.package_discovery:discover_packages(ignore) discover
[0.218s] Level 1:colcon.colcon_core.package_discovery:discover_packages(ignore) using defaults
[0.218s] Level 1:colcon.colcon_core.package_discovery:discover_packages(path) discover
[0.218s] Level 1:colcon.colcon_core.package_discovery:discover_packages(path) using defaults
[0.233s] Level 1:colcon.colcon_core.package_discovery:discover_packages(prefix_path) check parameters
[0.233s] Level 1:colcon.colcon_core.package_discovery:discover_packages(prefix_path) discover
[0.235s] DEBUG:colcon.colcon_installed_package_information.package_discovery:Found 321 installed packages in /opt/ros/humble
[0.236s] Level 1:colcon.colcon_core.package_discovery:discover_packages(prefix_path) using defaults
[0.276s] Level 5:colcon.colcon_core.verb:set package 'serial' build argument 'cmake_args' from command line to 'None'
[0.277s] Level 5:colcon.colcon_core.verb:set package 'serial' build argument 'cmake_target' from command line to 'None'
[0.277s] Level 5:colcon.colcon_core.verb:set package 'serial' build argument 'cmake_target_skip_unavailable' from command line to 'False'
[0.277s] Level 5:colcon.colcon_core.verb:set package 'serial' build argument 'cmake_clean_cache' from command line to 'False'
[0.277s] Level 5:colcon.colcon_core.verb:set package 'serial' build argument 'cmake_clean_first' from command line to 'False'
[0.277s] Level 5:colcon.colcon_core.verb:set package 'serial' build argument 'cmake_force_configure' from command line to 'False'
[0.277s] Level 5:colcon.colcon_core.verb:set package 'serial' build argument 'ament_cmake_args' from command line to 'None'
[0.277s] Level 5:colcon.colcon_core.verb:set package 'serial' build argument 'catkin_cmake_args' from command line to 'None'
[0.277s] Level 5:colcon.colcon_core.verb:set package 'serial' build argument 'catkin_skip_building_tests' from command line to 'False'
[0.277s] DEBUG:colcon.colcon_core.verb:Building package 'serial' with the following arguments: {'ament_cmake_args': None, 'build_base': '/run/media/rafi/Technical/Github/ws_ros2_control_blink/build/serial', 'catkin_cmake_args': None, 'catkin_skip_building_tests': False, 'cmake_args': None, 'cmake_clean_cache': False, 'cmake_clean_first': False, 'cmake_force_configure': False, 'cmake_target': None, 'cmake_target_skip_unavailable': False, 'install_base': '/run/media/rafi/Technical/Github/ws_ros2_control_blink/install/serial', 'merge_install': False, 'path': '/run/media/rafi/Technical/Github/ws_ros2_control_blink/src/serial', 'symlink_install': False, 'test_result_base': None}
[0.277s] Level 5:colcon.colcon_core.verb:set package 'arduino_blink' build argument 'cmake_args' from command line to 'None'
[0.277s] Level 5:colcon.colcon_core.verb:set package 'arduino_blink' build argument 'cmake_target' from command line to 'None'
[0.277s] Level 5:colcon.colcon_core.verb:set package 'arduino_blink' build argument 'cmake_target_skip_unavailable' from command line to 'False'
[0.277s] Level 5:colcon.colcon_core.verb:set package 'arduino_blink' build argument 'cmake_clean_cache' from command line to 'False'
[0.277s] Level 5:colcon.colcon_core.verb:set package 'arduino_blink' build argument 'cmake_clean_first' from command line to 'False'
[0.277s] Level 5:colcon.colcon_core.verb:set package 'arduino_blink' build argument 'cmake_force_configure' from command line to 'False'
[0.277s] Level 5:colcon.colcon_core.verb:set package 'arduino_blink' build argument 'ament_cmake_args' from command line to 'None'
[0.277s] Level 5:colcon.colcon_core.verb:set package 'arduino_blink' build argument 'catkin_cmake_args' from command line to 'None'
[0.277s] Level 5:colcon.colcon_core.verb:set package 'arduino_blink' build argument 'catkin_skip_building_tests' from command line to 'False'
[0.277s] DEBUG:colcon.colcon_core.verb:Building package 'arduino_blink' with the following arguments: {'ament_cmake_args': None, 'build_base': '/run/media/rafi/Technical/Github/ws_ros2_control_blink/build/arduino_blink', 'catkin_cmake_args': None, 'catkin_skip_building_tests': False, 'cmake_args': None, 'cmake_clean_cache': False, 'cmake_clean_first': False, 'cmake_force_configure': False, 'cmake_target': None, 'cmake_target_skip_unavailable': False, 'install_base': '/run/media/rafi/Technical/Github/ws_ros2_control_blink/install/arduino_blink', 'merge_install': False, 'path': '/run/media/rafi/Technical/Github/ws_ros2_control_blink/src/arduino_blink', 'symlink_install': False, 'test_result_base': None}
[0.277s] INFO:colcon.colcon_core.executor:Executing jobs using 'parallel' executor
[0.278s] DEBUG:colcon.colcon_parallel_executor.executor.parallel:run_until_complete
[0.278s] INFO:colcon.colcon_ros.task.catkin.build:Building ROS package in '/run/media/rafi/Technical/Github/ws_ros2_control_blink/src/serial' with build type 'catkin'
[0.278s] INFO:colcon.colcon_cmake.task.cmake.build:Building CMake package in '/run/media/rafi/Technical/Github/ws_ros2_control_blink/src/serial'
[0.280s] INFO:colcon.colcon_core.plugin_system:Skipping extension 'colcon_core.shell.bat': Not used on non-Windows systems
[0.280s] INFO:colcon.colcon_core.shell:Skip shell extension 'powershell' for command environment: Not usable outside of PowerShell
[0.280s] DEBUG:colcon.colcon_core.shell:Skip shell extension 'dsv' for command environment
[1.197s] DEBUG:colcon.colcon_core.event_handler.log_command:Invoking command in '/run/media/rafi/Technical/Github/ws_ros2_control_blink/build/serial': PS1=[\u@\h \W]\$ /usr/bin/cmake --build /run/media/rafi/Technical/Github/ws_ros2_control_blink/build/serial -- -j12 -l12
[1.307s] DEBUG:colcon.colcon_core.event_handler.log_command:Invoked command in '/run/media/rafi/Technical/Github/ws_ros2_control_blink/build/serial' returned '0': PS1=[\u@\h \W]\$ /usr/bin/cmake --build /run/media/rafi/Technical/Github/ws_ros2_control_blink/build/serial -- -j12 -l12
[1.314s] DEBUG:colcon.colcon_core.event_handler.log_command:Invoking command in '/run/media/rafi/Technical/Github/ws_ros2_control_blink/build/serial': PS1=[\u@\h \W]\$ /usr/bin/cmake --install /run/media/rafi/Technical/Github/ws_ros2_control_blink/build/serial
[1.321s] DEBUG:colcon.colcon_core.event_handler.log_command:Invoked command in '/run/media/rafi/Technical/Github/ws_ros2_control_blink/build/serial' returned '0': PS1=[\u@\h \W]\$ /usr/bin/cmake --install /run/media/rafi/Technical/Github/ws_ros2_control_blink/build/serial
[1.321s] Level 1:colcon.colcon_core.shell:create_environment_hook('serial', 'ros_package_path')
[1.321s] INFO:colcon.colcon_core.shell:Creating environment hook '/run/media/rafi/Technical/Github/ws_ros2_control_blink/install/serial/share/serial/hook/ros_package_path.ps1'
[1.322s] INFO:colcon.colcon_core.shell:Creating environment descriptor '/run/media/rafi/Technical/Github/ws_ros2_control_blink/install/serial/share/serial/hook/ros_package_path.dsv'
[1.322s] INFO:colcon.colcon_core.shell:Creating environment hook '/run/media/rafi/Technical/Github/ws_ros2_control_blink/install/serial/share/serial/hook/ros_package_path.sh'
[1.322s] Level 1:colcon.colcon_core.shell:create_environment_hook('serial', 'pkg_config_path')
[1.323s] INFO:colcon.colcon_core.shell:Creating environment hook '/run/media/rafi/Technical/Github/ws_ros2_control_blink/install/serial/share/serial/hook/pkg_config_path.ps1'
[1.323s] INFO:colcon.colcon_core.shell:Creating environment descriptor '/run/media/rafi/Technical/Github/ws_ros2_control_blink/install/serial/share/serial/hook/pkg_config_path.dsv'
[1.323s] INFO:colcon.colcon_core.shell:Creating environment hook '/run/media/rafi/Technical/Github/ws_ros2_control_blink/install/serial/share/serial/hook/pkg_config_path.sh'
[1.324s] Level 1:colcon.colcon_core.shell:create_environment_hook('serial', 'pkg_config_path_multiarch')
[1.324s] INFO:colcon.colcon_core.shell:Creating environment hook '/run/media/rafi/Technical/Github/ws_ros2_control_blink/install/serial/share/serial/hook/pkg_config_path_multiarch.ps1'
[1.325s] INFO:colcon.colcon_core.shell:Creating environment descriptor '/run/media/rafi/Technical/Github/ws_ros2_control_blink/install/serial/share/serial/hook/pkg_config_path_multiarch.dsv'
[1.325s] INFO:colcon.colcon_core.shell:Creating environment hook '/run/media/rafi/Technical/Github/ws_ros2_control_blink/install/serial/share/serial/hook/pkg_config_path_multiarch.sh'
[1.326s] Level 1:colcon.colcon_core.environment:create_environment_scripts_only(serial)
[1.327s] Level 1:colcon.colcon_core.environment:checking '/run/media/rafi/Technical/Github/ws_ros2_control_blink/install/serial' for CMake module files
[1.328s] Level 1:colcon.colcon_core.environment:checking '/run/media/rafi/Technical/Github/ws_ros2_control_blink/install/serial' for CMake config files
[1.328s] Level 1:colcon.colcon_core.shell:create_environment_hook('serial', 'cmake_prefix_path')
[1.328s] INFO:colcon.colcon_core.shell:Creating environment hook '/run/media/rafi/Technical/Github/ws_ros2_control_blink/install/serial/share/serial/hook/cmake_prefix_path.ps1'
[1.328s] INFO:colcon.colcon_core.shell:Creating environment descriptor '/run/media/rafi/Technical/Github/ws_ros2_control_blink/install/serial/share/serial/hook/cmake_prefix_path.dsv'
[1.329s] INFO:colcon.colcon_core.shell:Creating environment hook '/run/media/rafi/Technical/Github/ws_ros2_control_blink/install/serial/share/serial/hook/cmake_prefix_path.sh'
[1.329s] Level 1:colcon.colcon_core.environment:checking '/run/media/rafi/Technical/Github/ws_ros2_control_blink/install/serial/lib'
[1.329s] Level 1:colcon.colcon_core.environment:checking '/run/media/rafi/Technical/Github/ws_ros2_control_blink/install/serial/bin'
[1.329s] Level 1:colcon.colcon_core.environment:checking '/run/media/rafi/Technical/Github/ws_ros2_control_blink/install/serial/lib/pkgconfig/serial.pc'
[1.329s] Level 1:colcon.colcon_core.environment:checking '/run/media/rafi/Technical/Github/ws_ros2_control_blink/install/serial/lib/python3.10/site-packages'
[1.330s] Level 1:colcon.colcon_core.environment:checking '/run/media/rafi/Technical/Github/ws_ros2_control_blink/install/serial/bin'
[1.330s] INFO:colcon.colcon_core.shell:Creating package script '/run/media/rafi/Technical/Github/ws_ros2_control_blink/install/serial/share/serial/package.ps1'
[1.331s] INFO:colcon.colcon_core.shell:Creating package descriptor '/run/media/rafi/Technical/Github/ws_ros2_control_blink/install/serial/share/serial/package.dsv'
[1.331s] INFO:colcon.colcon_core.shell:Creating package script '/run/media/rafi/Technical/Github/ws_ros2_control_blink/install/serial/share/serial/package.sh'
[1.332s] INFO:colcon.colcon_core.shell:Creating package script '/run/media/rafi/Technical/Github/ws_ros2_control_blink/install/serial/share/serial/package.bash'
[1.332s] INFO:colcon.colcon_core.shell:Creating package script '/run/media/rafi/Technical/Github/ws_ros2_control_blink/install/serial/share/serial/package.zsh'
[1.333s] Level 1:colcon.colcon_core.environment:create_file_with_runtime_dependencies(/run/media/rafi/Technical/Github/ws_ros2_control_blink/install/serial/share/colcon-core/packages/serial)
[1.333s] INFO:colcon.colcon_ros.task.ament_cmake.build:Building ROS package in '/run/media/rafi/Technical/Github/ws_ros2_control_blink/src/arduino_blink' with build type 'ament_cmake'
[1.333s] INFO:colcon.colcon_cmake.task.cmake.build:Building CMake package in '/run/media/rafi/Technical/Github/ws_ros2_control_blink/src/arduino_blink'
[1.333s] INFO:colcon.colcon_core.shell:Skip shell extension 'powershell' for command environment: Not usable outside of PowerShell
[1.334s] DEBUG:colcon.colcon_core.shell:Skip shell extension 'dsv' for command environment
[1.345s] DEBUG:colcon.colcon_core.event_handler.log_command:Invoking command in '/run/media/rafi/Technical/Github/ws_ros2_control_blink/build/arduino_blink': CMAKE_PREFIX_PATH=/opt/ros/humble:/run/media/rafi/Technical/Github/ws_ros2_control_blink/install/serial PKG_CONFIG_PATH=/run/media/rafi/Technical/Github/ws_ros2_control_blink/install/serial/lib/x86_64-linux-gnu/pkgconfig:/run/media/rafi/Technical/Github/ws_ros2_control_blink/install/serial/lib/pkgconfig PS1=[\u@\h \W]\$ ROS_PACKAGE_PATH=/run/media/rafi/Technical/Github/ws_ros2_control_blink/install/serial/share /usr/bin/cmake --build /run/media/rafi/Technical/Github/ws_ros2_control_blink/build/arduino_blink -- -j12 -l12
[1.763s] DEBUG:colcon.colcon_core.event_handler.log_command:Invoked command in '/run/media/rafi/Technical/Github/ws_ros2_control_blink/build/arduino_blink' returned '2': CMAKE_PREFIX_PATH=/opt/ros/humble:/run/media/rafi/Technical/Github/ws_ros2_control_blink/install/serial PKG_CONFIG_PATH=/run/media/rafi/Technical/Github/ws_ros2_control_blink/install/serial/lib/x86_64-linux-gnu/pkgconfig:/run/media/rafi/Technical/Github/ws_ros2_control_blink/install/serial/lib/pkgconfig PS1=[\u@\h \W]\$ ROS_PACKAGE_PATH=/run/media/rafi/Technical/Github/ws_ros2_control_blink/install/serial/share /usr/bin/cmake --build /run/media/rafi/Technical/Github/ws_ros2_control_blink/build/arduino_blink -- -j12 -l12
[1.763s] Level 1:colcon.colcon_core.environment:create_environment_scripts_only(arduino_blink)
[1.764s] Level 1:colcon.colcon_core.environment:checking '/run/media/rafi/Technical/Github/ws_ros2_control_blink/install/arduino_blink' for CMake module files
[1.764s] Level 1:colcon.colcon_core.environment:checking '/run/media/rafi/Technical/Github/ws_ros2_control_blink/install/arduino_blink' for CMake config files
[1.764s] Level 1:colcon.colcon_core.environment:checking '/run/media/rafi/Technical/Github/ws_ros2_control_blink/install/arduino_blink/lib'
[1.764s] Level 1:colcon.colcon_core.shell:create_environment_hook('arduino_blink', 'ld_library_path_lib')
[1.764s] INFO:colcon.colcon_core.shell:Creating environment hook '/run/media/rafi/Technical/Github/ws_ros2_control_blink/install/arduino_blink/share/arduino_blink/hook/ld_library_path_lib.ps1'
[1.765s] INFO:colcon.colcon_core.shell:Creating environment descriptor '/run/media/rafi/Technical/Github/ws_ros2_control_blink/install/arduino_blink/share/arduino_blink/hook/ld_library_path_lib.dsv'
[1.765s] INFO:colcon.colcon_core.shell:Creating environment hook '/run/media/rafi/Technical/Github/ws_ros2_control_blink/install/arduino_blink/share/arduino_blink/hook/ld_library_path_lib.sh'
[1.765s] Level 1:colcon.colcon_core.environment:checking '/run/media/rafi/Technical/Github/ws_ros2_control_blink/install/arduino_blink/bin'
[1.765s] Level 1:colcon.colcon_core.environment:checking '/run/media/rafi/Technical/Github/ws_ros2_control_blink/install/arduino_blink/lib/pkgconfig/arduino_blink.pc'
[1.765s] Level 1:colcon.colcon_core.environment:checking '/run/media/rafi/Technical/Github/ws_ros2_control_blink/install/arduino_blink/lib/python3.10/site-packages'
[1.766s] Level 1:colcon.colcon_core.environment:checking '/run/media/rafi/Technical/Github/ws_ros2_control_blink/install/arduino_blink/bin'
[1.766s] INFO:colcon.colcon_core.shell:Creating package script '/run/media/rafi/Technical/Github/ws_ros2_control_blink/install/arduino_blink/share/arduino_blink/package.ps1'
[1.766s] INFO:colcon.colcon_core.shell:Creating package descriptor '/run/media/rafi/Technical/Github/ws_ros2_control_blink/install/arduino_blink/share/arduino_blink/package.dsv'
[1.766s] INFO:colcon.colcon_core.shell:Creating package script '/run/media/rafi/Technical/Github/ws_ros2_control_blink/install/arduino_blink/share/arduino_blink/package.sh'
[1.767s] INFO:colcon.colcon_core.shell:Creating package script '/run/media/rafi/Technical/Github/ws_ros2_control_blink/install/arduino_blink/share/arduino_blink/package.bash'
[1.767s] INFO:colcon.colcon_core.shell:Creating package script '/run/media/rafi/Technical/Github/ws_ros2_control_blink/install/arduino_blink/share/arduino_blink/package.zsh'
[1.767s] Level 1:colcon.colcon_core.environment:create_file_with_runtime_dependencies(/run/media/rafi/Technical/Github/ws_ros2_control_blink/install/arduino_blink/share/colcon-core/packages/arduino_blink)
[1.778s] DEBUG:colcon.colcon_parallel_executor.executor.parallel:closing loop
[1.778s] DEBUG:colcon.colcon_parallel_executor.executor.parallel:loop closed
[1.778s] DEBUG:colcon.colcon_parallel_executor.executor.parallel:run_until_complete finished with '2'
[1.778s] DEBUG:colcon.colcon_core.event_reactor:joining thread
[1.782s] INFO:colcon.colcon_core.plugin_system:Skipping extension 'colcon_notification.desktop_notification.notify_send': Could not find 'notify-send'
[1.782s] INFO:colcon.colcon_core.plugin_system:Skipping extension 'colcon_notification.desktop_notification.terminal_notifier': Not used on non-Darwin systems
[1.782s] INFO:colcon.colcon_core.plugin_system:Skipping extension 'colcon_notification.desktop_notification.win32': Not used on non-Windows systems
[1.782s] INFO:colcon.colcon_notification.desktop_notification:Sending desktop notification using 'notify2'
[1.790s] DEBUG:colcon.colcon_core.event_reactor:joined thread
[1.791s] INFO:colcon.colcon_core.shell:Creating prefix script '/run/media/rafi/Technical/Github/ws_ros2_control_blink/install/local_setup.ps1'
[1.792s] INFO:colcon.colcon_core.shell:Creating prefix util module '/run/media/rafi/Technical/Github/ws_ros2_control_blink/install/_local_setup_util_ps1.py'
[1.793s] INFO:colcon.colcon_core.shell:Creating prefix chain script '/run/media/rafi/Technical/Github/ws_ros2_control_blink/install/setup.ps1'
[1.793s] INFO:colcon.colcon_core.shell:Creating prefix script '/run/media/rafi/Technical/Github/ws_ros2_control_blink/install/local_setup.sh'
[1.794s] INFO:colcon.colcon_core.shell:Creating prefix util module '/run/media/rafi/Technical/Github/ws_ros2_control_blink/install/_local_setup_util_sh.py'
[1.794s] INFO:colcon.colcon_core.shell:Creating prefix chain script '/run/media/rafi/Technical/Github/ws_ros2_control_blink/install/setup.sh'
[1.795s] INFO:colcon.colcon_core.shell:Creating prefix script '/run/media/rafi/Technical/Github/ws_ros2_control_blink/install/local_setup.bash'
[1.795s] INFO:colcon.colcon_core.shell:Creating prefix chain script '/run/media/rafi/Technical/Github/ws_ros2_control_blink/install/setup.bash'
[1.796s] INFO:colcon.colcon_core.shell:Creating prefix script '/run/media/rafi/Technical/Github/ws_ros2_control_blink/install/local_setup.zsh'
[1.796s] INFO:colcon.colcon_core.shell:Creating prefix chain script '/run/media/rafi/Technical/Github/ws_ros2_control_blink/install/setup.zsh'
