[0.000000] (-) TimerEvent: {}
[0.000129] (serial) JobQueued: {'identifier': 'serial', 'dependencies': OrderedDict()}
[0.000163] (arduino_blink) JobQueued: {'identifier': 'arduino_blink', 'dependencies': OrderedDict([('serial', '/run/media/rafi/Technical/Github/ws_ros2_control_blink/install/serial')])}
[0.000206] (serial) JobStarted: {'identifier': 'serial'}
[0.000300] (serial) JobProgress: {'identifier': 'serial', 'progress': 'cmake'}
[0.000320] (serial) JobProgress: {'identifier': 'serial', 'progress': 'build'}
[0.000338] (serial) Command: {'cmd': ['/usr/bin/cmake', '--build', '/run/media/rafi/Technical/Github/ws_ros2_control_blink/build/serial', '--', '-j12', '-l12'], 'cwd': '/run/media/rafi/Technical/Github/ws_ros2_control_blink/build/serial', 'env': OrderedDict([('PROFILEHOME', ''), ('MAIL', '/var/spool/mail/rafi'), ('LANGUAGE', ''), ('USER', 'rafi'), ('HOSTNAME', 'archlinux'), ('XDG_SESSION_TYPE', 'wayland'), ('KONSOLE_VERSION', '250403'), ('XDG_CACHE_HOME', '/home/rafi/.cache'), ('SHLVL', '4'), ('LD_LIBRARY_PATH', '/opt/ros/humble/opt/rviz_ogre_vendor/lib:/opt/ros/humble/lib/x86_64-linux-gnu:/opt/ros/humble/lib'), ('MOTD_SHOWN', 'pam'), ('HOME', '/home/rafi'), ('CONDA_SHLVL', '0'), ('OLDPWD', '/home/rafi'), ('DESKTOP_SESSION', 'gnome'), ('ROS_PYTHON_VERSION', '3'), ('PS1', '[\\u@\\h \\W]\\$'), ('KONSOLE_DBUS_SESSION', '/Sessions/1'), ('MANAGERPID', '1882'), ('DISTROBOX_ENTER_PATH', '/usr/bin/distrobox-enter'), ('SYSTEMD_EXEC_PID', '2110'), ('XDG_STATE_HOME', '/home/rafi/.local/state'), ('DBUS_SESSION_BUS_ADDRESS', 'unix:path=/run/user/1000/bus'), ('COLORTERM', 'truecolor'), ('_CE_M', ''), ('container', 'sudo docker'), ('GIO_LAUNCHED_DESKTOP_FILE_PID', '4625'), ('KONSOLE_DBUS_WINDOW', '/Windows/1'), ('GNOME_KEYRING_CONTROL', '/run/user/1000/keyring'), ('WAYLAND_DISPLAY', 'wayland-0'), ('ROS_DISTRO', 'humble'), ('LOGNAME', 'rafi'), ('WINDOWID', '103982547459408'), ('JOURNAL_STREAM', '9:18554'), ('_', '/usr/bin/colcon'), ('ROS_VERSION', '2'), ('MEMORY_PRESSURE_WATCH', '/sys/fs/cgroup/user.slice/user-1000.slice/user@1000.service/session.slice/org.gnome.SettingsDaemon.MediaKeys.service/memory.pressure'), ('XDG_SESSION_CLASS', 'user'), ('COLORFGBG', '15;0'), ('TERMINFO_DIRS', '/usr/share/terminfo:/run/host/usr/share/terminfo'), ('USERNAME', 'rafi'), ('TERM', 'xterm-256color'), ('_CE_CONDA', ''), ('ROS_LOCALHOST_ONLY', '0'), ('PATH', '/opt/ros/humble/bin:/home/rafi/anaconda3/condabin:/usr/local/bin:/usr/bin:/usr/local/sbin:/usr/bin/site_perl:/usr/bin/vendor_perl:/usr/bin/core_perl:/usr/local/sbin:/usr/local/bin:/usr/sbin:/usr/bin:/sbin:/bin:/usr/sbin:/sbin:/bin'), ('SESSION_MANAGER', 'local/archlinux:@/tmp/.ICE-unix/1957,unix/archlinux:/tmp/.ICE-unix/1957'), ('GDM_LANG', 'en_US.UTF-8'), ('INVOCATION_ID', 'a0951426a69d4809aef578d198f01e9d'), ('XDG_MENU_PREFIX', 'gnome-'), ('GNOME_SETUP_DISPLAY', ':1'), ('XDG_RUNTIME_DIR', '/run/user/1000'), ('MAMBA_ROOT_PREFIX', '/home/rafi/miniforge3'), ('DISPLAY', ':0'), ('LANG', 'en_US.UTF-8'), ('XDG_CURRENT_DESKTOP', 'GNOME'), ('XDG_DATA_HOME', '/home/rafi/.local/share'), ('XDG_CONFIG_HOME', '/home/rafi/.config'), ('XDG_SESSION_DESKTOP', 'gnome'), ('XAUTHORITY', '/run/user/1000/.mutter-Xwaylandauth.JDBW82'), ('AMENT_PREFIX_PATH', '/opt/ros/humble'), ('CONDA_PYTHON_EXE', '/home/rafi/anaconda3/bin/python'), ('SHELL', '/usr/bin/bash'), ('GDMSESSION', 'gnome'), ('KONSOLE_DBUS_SERVICE', ':1.126'), ('MAMBA_EXE', '/home/rafi/miniforge3/bin/mamba'), ('PWD', '/run/media/rafi/Technical/Github/ws_ros2_control_blink/build/serial'), ('CONTAINER_ID', 'ubuntu22'), ('XDG_CONFIG_DIRS', '/etc/xdg'), ('CONDA_EXE', '/home/rafi/anaconda3/bin/conda'), ('XDG_DATA_DIRS', '/home/rafi/.local/share/flatpak/exports/share:/var/lib/flatpak/exports/share:/usr/local/share/:/usr/share/:/usr/local/share:/usr/share'), ('PYTHONPATH', '/opt/ros/humble/lib/python3.10/site-packages:/opt/ros/humble/local/lib/python3.10/dist-packages'), ('COLCON', '1'), ('MEMORY_PRESSURE_WRITE', 'c29tZSAyMDAwMDAgMjAwMDAwMAA=')]), 'shell': False}
[0.017365] (serial) StdoutLine: {'line': b'[100%] Built target serial\n'}
[0.024751] (serial) CommandEnded: {'returncode': 0}
[0.025644] (serial) JobProgress: {'identifier': 'serial', 'progress': 'install'}
[0.032312] (serial) Command: {'cmd': ['/usr/bin/cmake', '--install', '/run/media/rafi/Technical/Github/ws_ros2_control_blink/build/serial'], 'cwd': '/run/media/rafi/Technical/Github/ws_ros2_control_blink/build/serial', 'env': OrderedDict([('PROFILEHOME', ''), ('MAIL', '/var/spool/mail/rafi'), ('LANGUAGE', ''), ('USER', 'rafi'), ('HOSTNAME', 'archlinux'), ('XDG_SESSION_TYPE', 'wayland'), ('KONSOLE_VERSION', '250403'), ('XDG_CACHE_HOME', '/home/rafi/.cache'), ('SHLVL', '4'), ('LD_LIBRARY_PATH', '/opt/ros/humble/opt/rviz_ogre_vendor/lib:/opt/ros/humble/lib/x86_64-linux-gnu:/opt/ros/humble/lib'), ('MOTD_SHOWN', 'pam'), ('HOME', '/home/rafi'), ('CONDA_SHLVL', '0'), ('OLDPWD', '/home/rafi'), ('DESKTOP_SESSION', 'gnome'), ('ROS_PYTHON_VERSION', '3'), ('PS1', '[\\u@\\h \\W]\\$'), ('KONSOLE_DBUS_SESSION', '/Sessions/1'), ('MANAGERPID', '1882'), ('DISTROBOX_ENTER_PATH', '/usr/bin/distrobox-enter'), ('SYSTEMD_EXEC_PID', '2110'), ('XDG_STATE_HOME', '/home/rafi/.local/state'), ('DBUS_SESSION_BUS_ADDRESS', 'unix:path=/run/user/1000/bus'), ('COLORTERM', 'truecolor'), ('_CE_M', ''), ('container', 'sudo docker'), ('GIO_LAUNCHED_DESKTOP_FILE_PID', '4625'), ('KONSOLE_DBUS_WINDOW', '/Windows/1'), ('GNOME_KEYRING_CONTROL', '/run/user/1000/keyring'), ('WAYLAND_DISPLAY', 'wayland-0'), ('ROS_DISTRO', 'humble'), ('LOGNAME', 'rafi'), ('WINDOWID', '103982547459408'), ('JOURNAL_STREAM', '9:18554'), ('_', '/usr/bin/colcon'), ('ROS_VERSION', '2'), ('MEMORY_PRESSURE_WATCH', '/sys/fs/cgroup/user.slice/user-1000.slice/user@1000.service/session.slice/org.gnome.SettingsDaemon.MediaKeys.service/memory.pressure'), ('XDG_SESSION_CLASS', 'user'), ('COLORFGBG', '15;0'), ('TERMINFO_DIRS', '/usr/share/terminfo:/run/host/usr/share/terminfo'), ('USERNAME', 'rafi'), ('TERM', 'xterm-256color'), ('_CE_CONDA', ''), ('ROS_LOCALHOST_ONLY', '0'), ('PATH', '/opt/ros/humble/bin:/home/rafi/anaconda3/condabin:/usr/local/bin:/usr/bin:/usr/local/sbin:/usr/bin/site_perl:/usr/bin/vendor_perl:/usr/bin/core_perl:/usr/local/sbin:/usr/local/bin:/usr/sbin:/usr/bin:/sbin:/bin:/usr/sbin:/sbin:/bin'), ('SESSION_MANAGER', 'local/archlinux:@/tmp/.ICE-unix/1957,unix/archlinux:/tmp/.ICE-unix/1957'), ('GDM_LANG', 'en_US.UTF-8'), ('INVOCATION_ID', 'a0951426a69d4809aef578d198f01e9d'), ('XDG_MENU_PREFIX', 'gnome-'), ('GNOME_SETUP_DISPLAY', ':1'), ('XDG_RUNTIME_DIR', '/run/user/1000'), ('MAMBA_ROOT_PREFIX', '/home/rafi/miniforge3'), ('DISPLAY', ':0'), ('LANG', 'en_US.UTF-8'), ('XDG_CURRENT_DESKTOP', 'GNOME'), ('XDG_DATA_HOME', '/home/rafi/.local/share'), ('XDG_CONFIG_HOME', '/home/rafi/.config'), ('XDG_SESSION_DESKTOP', 'gnome'), ('XAUTHORITY', '/run/user/1000/.mutter-Xwaylandauth.JDBW82'), ('AMENT_PREFIX_PATH', '/opt/ros/humble'), ('CONDA_PYTHON_EXE', '/home/rafi/anaconda3/bin/python'), ('SHELL', '/usr/bin/bash'), ('GDMSESSION', 'gnome'), ('KONSOLE_DBUS_SERVICE', ':1.126'), ('MAMBA_EXE', '/home/rafi/miniforge3/bin/mamba'), ('PWD', '/run/media/rafi/Technical/Github/ws_ros2_control_blink/build/serial'), ('CONTAINER_ID', 'ubuntu22'), ('XDG_CONFIG_DIRS', '/etc/xdg'), ('CONDA_EXE', '/home/rafi/anaconda3/bin/conda'), ('XDG_DATA_DIRS', '/home/rafi/.local/share/flatpak/exports/share:/var/lib/flatpak/exports/share:/usr/local/share/:/usr/share/:/usr/local/share:/usr/share'), ('PYTHONPATH', '/opt/ros/humble/lib/python3.10/site-packages:/opt/ros/humble/local/lib/python3.10/dist-packages'), ('COLCON', '1'), ('MEMORY_PRESSURE_WRITE', 'c29tZSAyMDAwMDAgMjAwMDAwMAA=')]), 'shell': False}
[0.038350] (serial) StdoutLine: {'line': b'-- Install configuration: ""\n'}
[0.038589] (serial) StdoutLine: {'line': b'-- Up-to-date: /run/media/rafi/Technical/Github/ws_ros2_control_blink/install/serial/share/serial/environment/library_path.sh\n'}
[0.038704] (serial) StdoutLine: {'line': b'-- Up-to-date: /run/media/rafi/Technical/Github/ws_ros2_control_blink/install/serial/share/serial/environment/library_path.dsv\n'}
[0.038790] (serial) StdoutLine: {'line': b'-- Up-to-date: /run/media/rafi/Technical/Github/ws_ros2_control_blink/install/serial/lib/libserial.a\n'}
[0.038992] (serial) StdoutLine: {'line': b'-- Up-to-date: /run/media/rafi/Technical/Github/ws_ros2_control_blink/install/serial/include/serial/serial.h\n'}
[0.039079] (serial) StdoutLine: {'line': b'-- Up-to-date: /run/media/rafi/Technical/Github/ws_ros2_control_blink/install/serial/include/serial/v8stdint.h\n'}
[0.039305] (serial) StdoutLine: {'line': b'-- Up-to-date: /run/media/rafi/Technical/Github/ws_ros2_control_blink/install/serial/share/ament_index/resource_index/package_run_dependencies/serial\n'}
[0.039412] (serial) StdoutLine: {'line': b'-- Up-to-date: /run/media/rafi/Technical/Github/ws_ros2_control_blink/install/serial/share/ament_index/resource_index/parent_prefix_path/serial\n'}
[0.039488] (serial) StdoutLine: {'line': b'-- Up-to-date: /run/media/rafi/Technical/Github/ws_ros2_control_blink/install/serial/share/serial/environment/ament_prefix_path.sh\n'}
[0.039560] (serial) StdoutLine: {'line': b'-- Up-to-date: /run/media/rafi/Technical/Github/ws_ros2_control_blink/install/serial/share/serial/environment/ament_prefix_path.dsv\n'}
[0.039630] (serial) StdoutLine: {'line': b'-- Up-to-date: /run/media/rafi/Technical/Github/ws_ros2_control_blink/install/serial/share/serial/environment/path.sh\n'}
[0.039697] (serial) StdoutLine: {'line': b'-- Up-to-date: /run/media/rafi/Technical/Github/ws_ros2_control_blink/install/serial/share/serial/environment/path.dsv\n'}
[0.039764] (serial) StdoutLine: {'line': b'-- Up-to-date: /run/media/rafi/Technical/Github/ws_ros2_control_blink/install/serial/share/serial/local_setup.bash\n'}
[0.039831] (serial) StdoutLine: {'line': b'-- Up-to-date: /run/media/rafi/Technical/Github/ws_ros2_control_blink/install/serial/share/serial/local_setup.sh\n'}
[0.039898] (serial) StdoutLine: {'line': b'-- Up-to-date: /run/media/rafi/Technical/Github/ws_ros2_control_blink/install/serial/share/serial/local_setup.zsh\n'}
[0.039964] (serial) StdoutLine: {'line': b'-- Up-to-date: /run/media/rafi/Technical/Github/ws_ros2_control_blink/install/serial/share/serial/local_setup.dsv\n'}
[0.040036] (serial) StdoutLine: {'line': b'-- Installing: /run/media/rafi/Technical/Github/ws_ros2_control_blink/install/serial/share/serial/package.dsv\n'}
[0.040107] (serial) StdoutLine: {'line': b'-- Up-to-date: /run/media/rafi/Technical/Github/ws_ros2_control_blink/install/serial/share/ament_index/resource_index/packages/serial\n'}
[0.040178] (serial) StdoutLine: {'line': b'-- Up-to-date: /run/media/rafi/Technical/Github/ws_ros2_control_blink/install/serial/share/serial/cmake/ament_cmake_export_include_directories-extras.cmake\n'}
[0.040248] (serial) StdoutLine: {'line': b'-- Up-to-date: /run/media/rafi/Technical/Github/ws_ros2_control_blink/install/serial/share/serial/cmake/ament_cmake_export_libraries-extras.cmake\n'}
[0.040318] (serial) StdoutLine: {'line': b'-- Up-to-date: /run/media/rafi/Technical/Github/ws_ros2_control_blink/install/serial/share/serial/cmake/serialConfig.cmake\n'}
[0.040388] (serial) StdoutLine: {'line': b'-- Up-to-date: /run/media/rafi/Technical/Github/ws_ros2_control_blink/install/serial/share/serial/cmake/serialConfig-version.cmake\n'}
[0.040458] (serial) StdoutLine: {'line': b'-- Up-to-date: /run/media/rafi/Technical/Github/ws_ros2_control_blink/install/serial/share/serial/package.xml\n'}
[0.041010] (serial) CommandEnded: {'returncode': 0}
[0.053697] (serial) JobEnded: {'identifier': 'serial', 'rc': 0}
[0.054447] (arduino_blink) JobStarted: {'identifier': 'arduino_blink'}
[0.058303] (arduino_blink) JobProgress: {'identifier': 'arduino_blink', 'progress': 'cmake'}
[0.058566] (arduino_blink) JobProgress: {'identifier': 'arduino_blink', 'progress': 'build'}
[0.058844] (arduino_blink) Command: {'cmd': ['/usr/bin/cmake', '--build', '/run/media/rafi/Technical/Github/ws_ros2_control_blink/build/arduino_blink', '--', '-j12', '-l12'], 'cwd': '/run/media/rafi/Technical/Github/ws_ros2_control_blink/build/arduino_blink', 'env': OrderedDict([('PROFILEHOME', ''), ('MAIL', '/var/spool/mail/rafi'), ('LANGUAGE', ''), ('USER', 'rafi'), ('HOSTNAME', 'archlinux'), ('XDG_SESSION_TYPE', 'wayland'), ('ROS_PACKAGE_PATH', '/run/media/rafi/Technical/Github/ws_ros2_control_blink/install/serial/share'), ('KONSOLE_VERSION', '250403'), ('XDG_CACHE_HOME', '/home/rafi/.cache'), ('SHLVL', '4'), ('LD_LIBRARY_PATH', '/opt/ros/humble/opt/rviz_ogre_vendor/lib:/opt/ros/humble/lib/x86_64-linux-gnu:/opt/ros/humble/lib'), ('MOTD_SHOWN', 'pam'), ('HOME', '/home/rafi'), ('CONDA_SHLVL', '0'), ('OLDPWD', '/home/rafi'), ('DESKTOP_SESSION', 'gnome'), ('ROS_PYTHON_VERSION', '3'), ('PS1', '[\\u@\\h \\W]\\$'), ('KONSOLE_DBUS_SESSION', '/Sessions/1'), ('MANAGERPID', '1882'), ('DISTROBOX_ENTER_PATH', '/usr/bin/distrobox-enter'), ('SYSTEMD_EXEC_PID', '2110'), ('XDG_STATE_HOME', '/home/rafi/.local/state'), ('DBUS_SESSION_BUS_ADDRESS', 'unix:path=/run/user/1000/bus'), ('COLORTERM', 'truecolor'), ('_CE_M', ''), ('container', 'sudo docker'), ('GIO_LAUNCHED_DESKTOP_FILE_PID', '4625'), ('KONSOLE_DBUS_WINDOW', '/Windows/1'), ('GNOME_KEYRING_CONTROL', '/run/user/1000/keyring'), ('WAYLAND_DISPLAY', 'wayland-0'), ('ROS_DISTRO', 'humble'), ('LOGNAME', 'rafi'), ('WINDOWID', '103982547459408'), ('JOURNAL_STREAM', '9:18554'), ('_', '/usr/bin/colcon'), ('ROS_VERSION', '2'), ('MEMORY_PRESSURE_WATCH', '/sys/fs/cgroup/user.slice/user-1000.slice/user@1000.service/session.slice/org.gnome.SettingsDaemon.MediaKeys.service/memory.pressure'), ('XDG_SESSION_CLASS', 'user'), ('COLORFGBG', '15;0'), ('TERMINFO_DIRS', '/usr/share/terminfo:/run/host/usr/share/terminfo'), ('PKG_CONFIG_PATH', '/run/media/rafi/Technical/Github/ws_ros2_control_blink/install/serial/lib/x86_64-linux-gnu/pkgconfig:/run/media/rafi/Technical/Github/ws_ros2_control_blink/install/serial/lib/pkgconfig'), ('USERNAME', 'rafi'), ('TERM', 'xterm-256color'), ('_CE_CONDA', ''), ('ROS_LOCALHOST_ONLY', '0'), ('PATH', '/opt/ros/humble/bin:/home/rafi/anaconda3/condabin:/usr/local/bin:/usr/bin:/usr/local/sbin:/usr/bin/site_perl:/usr/bin/vendor_perl:/usr/bin/core_perl:/usr/local/sbin:/usr/local/bin:/usr/sbin:/usr/bin:/sbin:/bin:/usr/sbin:/sbin:/bin'), ('SESSION_MANAGER', 'local/archlinux:@/tmp/.ICE-unix/1957,unix/archlinux:/tmp/.ICE-unix/1957'), ('GDM_LANG', 'en_US.UTF-8'), ('INVOCATION_ID', 'a0951426a69d4809aef578d198f01e9d'), ('XDG_MENU_PREFIX', 'gnome-'), ('GNOME_SETUP_DISPLAY', ':1'), ('XDG_RUNTIME_DIR', '/run/user/1000'), ('MAMBA_ROOT_PREFIX', '/home/rafi/miniforge3'), ('DISPLAY', ':0'), ('LANG', 'en_US.UTF-8'), ('XDG_CURRENT_DESKTOP', 'GNOME'), ('XDG_DATA_HOME', '/home/rafi/.local/share'), ('XDG_CONFIG_HOME', '/home/rafi/.config'), ('XDG_SESSION_DESKTOP', 'gnome'), ('XAUTHORITY', '/run/user/1000/.mutter-Xwaylandauth.JDBW82'), ('AMENT_PREFIX_PATH', '/opt/ros/humble'), ('CONDA_PYTHON_EXE', '/home/rafi/anaconda3/bin/python'), ('SHELL', '/usr/bin/bash'), ('GDMSESSION', 'gnome'), ('KONSOLE_DBUS_SERVICE', ':1.126'), ('MAMBA_EXE', '/home/rafi/miniforge3/bin/mamba'), ('PWD', '/run/media/rafi/Technical/Github/ws_ros2_control_blink/build/arduino_blink'), ('CONTAINER_ID', 'ubuntu22'), ('XDG_CONFIG_DIRS', '/etc/xdg'), ('CONDA_EXE', '/home/rafi/anaconda3/bin/conda'), ('XDG_DATA_DIRS', '/home/rafi/.local/share/flatpak/exports/share:/var/lib/flatpak/exports/share:/usr/local/share/:/usr/share/:/usr/local/share:/usr/share'), ('PYTHONPATH', '/opt/ros/humble/lib/python3.10/site-packages:/opt/ros/humble/local/lib/python3.10/dist-packages'), ('COLCON', '1'), ('MEMORY_PRESSURE_WRITE', 'c29tZSAyMDAwMDAgMjAwMDAwMAA='), ('CMAKE_PREFIX_PATH', '/opt/ros/humble:/run/media/rafi/Technical/Github/ws_ros2_control_blink/install/serial')]), 'shell': False}
[0.077285] (arduino_blink) StdoutLine: {'line': b'-- Found ament_cmake: 1.3.11 (/opt/ros/humble/share/ament_cmake/cmake)\n'}
[0.078258] (-) TimerEvent: {}
[0.170991] (arduino_blink) StdoutLine: {'line': b'-- Found hardware_interface: 2.51.0 (/opt/ros/humble/share/hardware_interface/cmake)\n'}
[0.178355] (-) TimerEvent: {}
[0.192872] (arduino_blink) StdoutLine: {'line': b'-- Found rosidl_generator_c: 3.1.6 (/opt/ros/humble/share/rosidl_generator_c/cmake)\n'}
[0.194915] (arduino_blink) StdoutLine: {'line': b'-- Found rosidl_adapter: 3.1.6 (/opt/ros/humble/share/rosidl_adapter/cmake)\n'}
[0.199638] (arduino_blink) StdoutLine: {'line': b'-- Found rosidl_generator_cpp: 3.1.6 (/opt/ros/humble/share/rosidl_generator_cpp/cmake)\n'}
[0.207300] (arduino_blink) StdoutLine: {'line': b'-- Using all available rosidl_typesupport_c: rosidl_typesupport_fastrtps_c;rosidl_typesupport_introspection_c\n'}
[0.218402] (arduino_blink) StdoutLine: {'line': b'-- Using all available rosidl_typesupport_cpp: rosidl_typesupport_fastrtps_cpp;rosidl_typesupport_introspection_cpp\n'}
[0.278461] (-) TimerEvent: {}
[0.361689] (arduino_blink) StdoutLine: {'line': b'-- Found rmw_implementation_cmake: 6.1.2 (/opt/ros/humble/share/rmw_implementation_cmake/cmake)\n'}
[0.362893] (arduino_blink) StdoutLine: {'line': b'-- Found rmw_fastrtps_cpp: 6.2.7 (/opt/ros/humble/share/rmw_fastrtps_cpp/cmake)\n'}
[0.378567] (-) TimerEvent: {}
[0.380116] (arduino_blink) StdoutLine: {'line': b'-- Found TinyXML2 via Config file: TinyXML2_DIR-NOTFOUND\n'}
[0.387109] (arduino_blink) StdoutLine: {'line': b'-- Found TinyXML2 via Config file: TinyXML2_DIR-NOTFOUND\n'}
[0.401183] (arduino_blink) StdoutLine: {'line': b'-- Found TinyXML2 via Config file: TinyXML2_DIR-NOTFOUND\n'}
[0.407961] (arduino_blink) StdoutLine: {'line': b'-- Found TinyXML2 via Config file: TinyXML2_DIR-NOTFOUND\n'}
[0.414989] (arduino_blink) StdoutLine: {'line': b"-- Using RMW implementation 'rmw_fastrtps_cpp' as default\n"}
[0.464860] (arduino_blink) StdoutLine: {'line': b'-- Found rclcpp_components: 16.0.12 (/opt/ros/humble/share/rclcpp_components/cmake)\n'}
[0.478697] (-) TimerEvent: {}
[0.502750] (arduino_blink) StdoutLine: {'line': b'-- Found serial: 1.2.1 (/run/media/rafi/Technical/Github/ws_ros2_control_blink/install/serial/share/serial/cmake)\n'}
[0.509785] (arduino_blink) StdoutLine: {'line': b'-- Found ament_lint_auto: 0.12.12 (/opt/ros/humble/share/ament_lint_auto/cmake)\n'}
[0.561098] (arduino_blink) StdoutLine: {'line': b'-- Configuring done\n'}
[0.578796] (-) TimerEvent: {}
[0.581603] (arduino_blink) StdoutLine: {'line': b'-- Generating done\n'}
[0.588195] (arduino_blink) StdoutLine: {'line': b'-- Build files have been written to: /run/media/rafi/Technical/Github/ws_ros2_control_blink/build/arduino_blink\n'}
[0.606459] (arduino_blink) StdoutLine: {'line': b'\x1b[35m\x1b[1mConsolidate compiler generated dependencies of target arduino_blink\x1b[0m\n'}
[0.618533] (arduino_blink) StdoutLine: {'line': b'[ 50%] \x1b[32mBuilding CXX object CMakeFiles/arduino_blink.dir/src/blink.cpp.o\x1b[0m\n'}
[0.678926] (-) TimerEvent: {}
[0.779176] (-) TimerEvent: {}
[0.879432] (-) TimerEvent: {}
[0.979710] (-) TimerEvent: {}
[1.079990] (-) TimerEvent: {}
[1.180264] (-) TimerEvent: {}
[1.280540] (-) TimerEvent: {}
[1.380840] (-) TimerEvent: {}
[1.481074] (-) TimerEvent: {}
[1.581357] (-) TimerEvent: {}
[1.681643] (-) TimerEvent: {}
[1.781919] (-) TimerEvent: {}
[1.882193] (-) TimerEvent: {}
[1.982474] (-) TimerEvent: {}
[2.082760] (-) TimerEvent: {}
[2.183047] (-) TimerEvent: {}
[2.283332] (-) TimerEvent: {}
[2.383608] (-) TimerEvent: {}
[2.483879] (-) TimerEvent: {}
[2.584183] (-) TimerEvent: {}
[2.684437] (-) TimerEvent: {}
[2.784711] (-) TimerEvent: {}
[2.884988] (-) TimerEvent: {}
[2.985263] (-) TimerEvent: {}
[3.085548] (-) TimerEvent: {}
[3.185821] (-) TimerEvent: {}
[3.286088] (-) TimerEvent: {}
[3.376424] (arduino_blink) StdoutLine: {'line': b'[100%] \x1b[32m\x1b[1mLinking CXX shared library libarduino_blink.so\x1b[0m\n'}
[3.386192] (-) TimerEvent: {}
[3.486444] (-) TimerEvent: {}
[3.505660] (arduino_blink) StderrLine: {'line': b"/usr/bin/ld: /run/media/rafi/Technical/Github/ws_ros2_control_blink/install/serial/lib/libserial.a(unix.cc.o): warning: relocation against `_ZTVN6serial15SerialExceptionE' in read-only section `.text._ZN6serial15SerialExceptionD2Ev[_ZN6serial15SerialExceptionD5Ev]'\n"}
[3.513765] (arduino_blink) StderrLine: {'line': b"/usr/bin/ld: /run/media/rafi/Technical/Github/ws_ros2_control_blink/install/serial/lib/libserial.a(serial.cc.o): relocation R_X86_64_PC32 against symbol `_ZTVN6serial6SerialE' can not be used when making a shared object; recompile with -fPIC\n"}
[3.513902] (arduino_blink) StderrLine: {'line': b'/usr/bin/ld: final link failed: bad value\n'}
[3.515671] (arduino_blink) StderrLine: {'line': b'collect2: error: ld returned 1 exit status\n'}
[3.516979] (arduino_blink) StderrLine: {'line': b'gmake[2]: *** [CMakeFiles/arduino_blink.dir/build.make:300: libarduino_blink.so] Error 1\n'}
[3.517216] (arduino_blink) StderrLine: {'line': b'gmake[1]: *** [CMakeFiles/Makefile2:137: CMakeFiles/arduino_blink.dir/all] Error 2\n'}
[3.517370] (arduino_blink) StderrLine: {'line': b'gmake: *** [Makefile:146: all] Error 2\n'}
[3.518812] (arduino_blink) CommandEnded: {'returncode': 2}
[3.522283] (arduino_blink) JobEnded: {'identifier': 'arduino_blink', 'rc': 2}
[3.532692] (-) EventReactorShutdown: {}
