[0.007s] Invoking command in '/run/media/rafi/Technical/Github/ws_ros2_control_blink/build/serial': PS1=[\u@\h \W]\$ /usr/bin/cmake --build /run/media/rafi/Technical/Github/ws_ros2_control_blink/build/serial -- -j12 -l12
[0.023s] -- Found ament_cmake: 1.3.11 (/opt/ros/humble/share/ament_cmake/cmake)
[0.167s] -- Configuring done
[0.169s] -- Generating done
[0.171s] -- Build files have been written to: /run/media/rafi/Technical/Github/ws_ros2_control_blink/build/serial
[0.185s] [35m[1mConsolidate compiler generated dependencies of target serial[0m
[0.195s] [ 50%] [32mBuilding CXX object CMakeFiles/serial.dir/src/impl/unix.cc.o[0m
[0.195s] [ 75%] [32mBuilding CXX object CMakeFiles/serial.dir/src/serial.cc.o[0m
[0.195s] [ 75%] [32mBuilding CXX object CMakeFiles/serial.dir/src/impl/list_ports/list_ports_linux.cc.o[0m
[0.582s] [100%] [32m[1mLinking CXX static library libserial.a[0m
[0.604s] [100%] Built target serial
[0.611s] Invoked command in '/run/media/rafi/Technical/Github/ws_ros2_control_blink/build/serial' returned '0': PS1=[\u@\h \W]\$ /usr/bin/cmake --build /run/media/rafi/Technical/Github/ws_ros2_control_blink/build/serial -- -j12 -l12
[0.618s] Invoking command in '/run/media/rafi/Technical/Github/ws_ros2_control_blink/build/serial': PS1=[\u@\h \W]\$ /usr/bin/cmake --install /run/media/rafi/Technical/Github/ws_ros2_control_blink/build/serial
[0.623s] -- Install configuration: ""
[0.623s] -- Up-to-date: /run/media/rafi/Technical/Github/ws_ros2_control_blink/install/serial/share/serial/environment/library_path.sh
[0.623s] -- Installing: /run/media/rafi/Technical/Github/ws_ros2_control_blink/install/serial/share/serial/environment/library_path.dsv
[0.623s] -- Installing: /run/media/rafi/Technical/Github/ws_ros2_control_blink/install/serial/lib/libserial.a
[0.623s] -- Up-to-date: /run/media/rafi/Technical/Github/ws_ros2_control_blink/install/serial/include/serial/serial.h
[0.623s] -- Up-to-date: /run/media/rafi/Technical/Github/ws_ros2_control_blink/install/serial/include/serial/v8stdint.h
[0.623s] -- Up-to-date: /run/media/rafi/Technical/Github/ws_ros2_control_blink/install/serial/share/ament_index/resource_index/package_run_dependencies/serial
[0.623s] -- Up-to-date: /run/media/rafi/Technical/Github/ws_ros2_control_blink/install/serial/share/ament_index/resource_index/parent_prefix_path/serial
[0.624s] -- Up-to-date: /run/media/rafi/Technical/Github/ws_ros2_control_blink/install/serial/share/serial/environment/ament_prefix_path.sh
[0.624s] -- Installing: /run/media/rafi/Technical/Github/ws_ros2_control_blink/install/serial/share/serial/environment/ament_prefix_path.dsv
[0.624s] -- Up-to-date: /run/media/rafi/Technical/Github/ws_ros2_control_blink/install/serial/share/serial/environment/path.sh
[0.624s] -- Installing: /run/media/rafi/Technical/Github/ws_ros2_control_blink/install/serial/share/serial/environment/path.dsv
[0.624s] -- Up-to-date: /run/media/rafi/Technical/Github/ws_ros2_control_blink/install/serial/share/serial/local_setup.bash
[0.624s] -- Up-to-date: /run/media/rafi/Technical/Github/ws_ros2_control_blink/install/serial/share/serial/local_setup.sh
[0.624s] -- Up-to-date: /run/media/rafi/Technical/Github/ws_ros2_control_blink/install/serial/share/serial/local_setup.zsh
[0.624s] -- Installing: /run/media/rafi/Technical/Github/ws_ros2_control_blink/install/serial/share/serial/local_setup.dsv
[0.624s] -- Installing: /run/media/rafi/Technical/Github/ws_ros2_control_blink/install/serial/share/serial/package.dsv
[0.624s] -- Up-to-date: /run/media/rafi/Technical/Github/ws_ros2_control_blink/install/serial/share/ament_index/resource_index/packages/serial
[0.624s] -- Up-to-date: /run/media/rafi/Technical/Github/ws_ros2_control_blink/install/serial/share/serial/cmake/ament_cmake_export_include_directories-extras.cmake
[0.624s] -- Up-to-date: /run/media/rafi/Technical/Github/ws_ros2_control_blink/install/serial/share/serial/cmake/ament_cmake_export_libraries-extras.cmake
[0.624s] -- Up-to-date: /run/media/rafi/Technical/Github/ws_ros2_control_blink/install/serial/share/serial/cmake/serialConfig.cmake
[0.624s] -- Up-to-date: /run/media/rafi/Technical/Github/ws_ros2_control_blink/install/serial/share/serial/cmake/serialConfig-version.cmake
[0.624s] -- Up-to-date: /run/media/rafi/Technical/Github/ws_ros2_control_blink/install/serial/share/serial/package.xml
[0.625s] Invoked command in '/run/media/rafi/Technical/Github/ws_ros2_control_blink/build/serial' returned '0': PS1=[\u@\h \W]\$ /usr/bin/cmake --install /run/media/rafi/Technical/Github/ws_ros2_control_blink/build/serial
