[0.000000] (-) TimerEvent: {}
[0.000504] (serial) JobQueued: {'identifier': 'serial', 'dependencies': OrderedDict()}
[0.000851] (arduino_blink) JobQueued: {'identifier': 'arduino_blink', 'dependencies': OrderedDict([('serial', '/run/media/rafi/Technical/Github/ws_ros2_control_blink/install/serial')])}
[0.000967] (serial) JobStarted: {'identifier': 'serial'}
[0.005873] (serial) JobProgress: {'identifier': 'serial', 'progress': 'cmake'}
[0.006234] (serial) JobProgress: {'identifier': 'serial', 'progress': 'build'}
[0.006737] (serial) Command: {'cmd': ['/usr/bin/cmake', '--build', '/run/media/rafi/Technical/Github/ws_ros2_control_blink/build/serial', '--', '-j12', '-l12'], 'cwd': '/run/media/rafi/Technical/Github/ws_ros2_control_blink/build/serial', 'env': OrderedDict([('PROFILEHOME', ''), ('MAIL', '/var/spool/mail/rafi'), ('LANGUAGE', ''), ('USER', 'rafi'), ('HOSTNAME', 'archlinux'), ('XDG_SESSION_TYPE', 'wayland'), ('KONSOLE_VERSION', '250403'), ('XDG_CACHE_HOME', '/home/rafi/.cache'), ('SHLVL', '4'), ('LD_LIBRARY_PATH', '/opt/ros/humble/opt/rviz_ogre_vendor/lib:/opt/ros/humble/lib/x86_64-linux-gnu:/opt/ros/humble/lib'), ('MOTD_SHOWN', 'pam'), ('HOME', '/home/rafi'), ('CONDA_SHLVL', '0'), ('OLDPWD', '/home/rafi'), ('DESKTOP_SESSION', 'gnome'), ('ROS_PYTHON_VERSION', '3'), ('PS1', '[\\u@\\h \\W]\\$'), ('KONSOLE_DBUS_SESSION', '/Sessions/1'), ('MANAGERPID', '1882'), ('DISTROBOX_ENTER_PATH', '/usr/bin/distrobox-enter'), ('SYSTEMD_EXEC_PID', '2110'), ('XDG_STATE_HOME', '/home/rafi/.local/state'), ('DBUS_SESSION_BUS_ADDRESS', 'unix:path=/run/user/1000/bus'), ('COLORTERM', 'truecolor'), ('_CE_M', ''), ('container', 'sudo docker'), ('GIO_LAUNCHED_DESKTOP_FILE_PID', '4625'), ('KONSOLE_DBUS_WINDOW', '/Windows/1'), ('GNOME_KEYRING_CONTROL', '/run/user/1000/keyring'), ('WAYLAND_DISPLAY', 'wayland-0'), ('ROS_DISTRO', 'humble'), ('LOGNAME', 'rafi'), ('WINDOWID', '103982547459408'), ('JOURNAL_STREAM', '9:18554'), ('_', '/usr/bin/colcon'), ('ROS_VERSION', '2'), ('MEMORY_PRESSURE_WATCH', '/sys/fs/cgroup/user.slice/user-1000.slice/user@1000.service/session.slice/org.gnome.SettingsDaemon.MediaKeys.service/memory.pressure'), ('XDG_SESSION_CLASS', 'user'), ('COLORFGBG', '15;0'), ('TERMINFO_DIRS', '/usr/share/terminfo:/run/host/usr/share/terminfo'), ('USERNAME', 'rafi'), ('TERM', 'xterm-256color'), ('_CE_CONDA', ''), ('ROS_LOCALHOST_ONLY', '0'), ('PATH', '/opt/ros/humble/bin:/home/rafi/anaconda3/condabin:/usr/local/bin:/usr/bin:/usr/local/sbin:/usr/bin/site_perl:/usr/bin/vendor_perl:/usr/bin/core_perl:/usr/local/sbin:/usr/local/bin:/usr/sbin:/usr/bin:/sbin:/bin:/usr/sbin:/sbin:/bin'), ('SESSION_MANAGER', 'local/archlinux:@/tmp/.ICE-unix/1957,unix/archlinux:/tmp/.ICE-unix/1957'), ('GDM_LANG', 'en_US.UTF-8'), ('INVOCATION_ID', 'a0951426a69d4809aef578d198f01e9d'), ('XDG_MENU_PREFIX', 'gnome-'), ('GNOME_SETUP_DISPLAY', ':1'), ('XDG_RUNTIME_DIR', '/run/user/1000'), ('MAMBA_ROOT_PREFIX', '/home/rafi/miniforge3'), ('DISPLAY', ':0'), ('LANG', 'en_US.UTF-8'), ('XDG_CURRENT_DESKTOP', 'GNOME'), ('XDG_DATA_HOME', '/home/rafi/.local/share'), ('XDG_CONFIG_HOME', '/home/rafi/.config'), ('XDG_SESSION_DESKTOP', 'gnome'), ('XAUTHORITY', '/run/user/1000/.mutter-Xwaylandauth.JDBW82'), ('AMENT_PREFIX_PATH', '/opt/ros/humble'), ('CONDA_PYTHON_EXE', '/home/rafi/anaconda3/bin/python'), ('SHELL', '/usr/bin/bash'), ('GDMSESSION', 'gnome'), ('KONSOLE_DBUS_SERVICE', ':1.126'), ('MAMBA_EXE', '/home/rafi/miniforge3/bin/mamba'), ('PWD', '/run/media/rafi/Technical/Github/ws_ros2_control_blink/build/serial'), ('CONTAINER_ID', 'ubuntu22'), ('XDG_CONFIG_DIRS', '/etc/xdg'), ('CONDA_EXE', '/home/rafi/anaconda3/bin/conda'), ('XDG_DATA_DIRS', '/home/rafi/.local/share/flatpak/exports/share:/var/lib/flatpak/exports/share:/usr/local/share/:/usr/share/:/usr/local/share:/usr/share'), ('PYTHONPATH', '/opt/ros/humble/lib/python3.10/site-packages:/opt/ros/humble/local/lib/python3.10/dist-packages'), ('COLCON', '1'), ('MEMORY_PRESSURE_WRITE', 'c29tZSAyMDAwMDAgMjAwMDAwMAA=')]), 'shell': False}
[0.040295] (serial) StdoutLine: {'line': b'[100%] Built target serial\n'}
[0.047554] (serial) CommandEnded: {'returncode': 0}
[0.048251] (serial) JobProgress: {'identifier': 'serial', 'progress': 'install'}
[0.053917] (serial) Command: {'cmd': ['/usr/bin/cmake', '--install', '/run/media/rafi/Technical/Github/ws_ros2_control_blink/build/serial'], 'cwd': '/run/media/rafi/Technical/Github/ws_ros2_control_blink/build/serial', 'env': OrderedDict([('PROFILEHOME', ''), ('MAIL', '/var/spool/mail/rafi'), ('LANGUAGE', ''), ('USER', 'rafi'), ('HOSTNAME', 'archlinux'), ('XDG_SESSION_TYPE', 'wayland'), ('KONSOLE_VERSION', '250403'), ('XDG_CACHE_HOME', '/home/rafi/.cache'), ('SHLVL', '4'), ('LD_LIBRARY_PATH', '/opt/ros/humble/opt/rviz_ogre_vendor/lib:/opt/ros/humble/lib/x86_64-linux-gnu:/opt/ros/humble/lib'), ('MOTD_SHOWN', 'pam'), ('HOME', '/home/rafi'), ('CONDA_SHLVL', '0'), ('OLDPWD', '/home/rafi'), ('DESKTOP_SESSION', 'gnome'), ('ROS_PYTHON_VERSION', '3'), ('PS1', '[\\u@\\h \\W]\\$'), ('KONSOLE_DBUS_SESSION', '/Sessions/1'), ('MANAGERPID', '1882'), ('DISTROBOX_ENTER_PATH', '/usr/bin/distrobox-enter'), ('SYSTEMD_EXEC_PID', '2110'), ('XDG_STATE_HOME', '/home/rafi/.local/state'), ('DBUS_SESSION_BUS_ADDRESS', 'unix:path=/run/user/1000/bus'), ('COLORTERM', 'truecolor'), ('_CE_M', ''), ('container', 'sudo docker'), ('GIO_LAUNCHED_DESKTOP_FILE_PID', '4625'), ('KONSOLE_DBUS_WINDOW', '/Windows/1'), ('GNOME_KEYRING_CONTROL', '/run/user/1000/keyring'), ('WAYLAND_DISPLAY', 'wayland-0'), ('ROS_DISTRO', 'humble'), ('LOGNAME', 'rafi'), ('WINDOWID', '103982547459408'), ('JOURNAL_STREAM', '9:18554'), ('_', '/usr/bin/colcon'), ('ROS_VERSION', '2'), ('MEMORY_PRESSURE_WATCH', '/sys/fs/cgroup/user.slice/user-1000.slice/user@1000.service/session.slice/org.gnome.SettingsDaemon.MediaKeys.service/memory.pressure'), ('XDG_SESSION_CLASS', 'user'), ('COLORFGBG', '15;0'), ('TERMINFO_DIRS', '/usr/share/terminfo:/run/host/usr/share/terminfo'), ('USERNAME', 'rafi'), ('TERM', 'xterm-256color'), ('_CE_CONDA', ''), ('ROS_LOCALHOST_ONLY', '0'), ('PATH', '/opt/ros/humble/bin:/home/rafi/anaconda3/condabin:/usr/local/bin:/usr/bin:/usr/local/sbin:/usr/bin/site_perl:/usr/bin/vendor_perl:/usr/bin/core_perl:/usr/local/sbin:/usr/local/bin:/usr/sbin:/usr/bin:/sbin:/bin:/usr/sbin:/sbin:/bin'), ('SESSION_MANAGER', 'local/archlinux:@/tmp/.ICE-unix/1957,unix/archlinux:/tmp/.ICE-unix/1957'), ('GDM_LANG', 'en_US.UTF-8'), ('INVOCATION_ID', 'a0951426a69d4809aef578d198f01e9d'), ('XDG_MENU_PREFIX', 'gnome-'), ('GNOME_SETUP_DISPLAY', ':1'), ('XDG_RUNTIME_DIR', '/run/user/1000'), ('MAMBA_ROOT_PREFIX', '/home/rafi/miniforge3'), ('DISPLAY', ':0'), ('LANG', 'en_US.UTF-8'), ('XDG_CURRENT_DESKTOP', 'GNOME'), ('XDG_DATA_HOME', '/home/rafi/.local/share'), ('XDG_CONFIG_HOME', '/home/rafi/.config'), ('XDG_SESSION_DESKTOP', 'gnome'), ('XAUTHORITY', '/run/user/1000/.mutter-Xwaylandauth.JDBW82'), ('AMENT_PREFIX_PATH', '/opt/ros/humble'), ('CONDA_PYTHON_EXE', '/home/rafi/anaconda3/bin/python'), ('SHELL', '/usr/bin/bash'), ('GDMSESSION', 'gnome'), ('KONSOLE_DBUS_SERVICE', ':1.126'), ('MAMBA_EXE', '/home/rafi/miniforge3/bin/mamba'), ('PWD', '/run/media/rafi/Technical/Github/ws_ros2_control_blink/build/serial'), ('CONTAINER_ID', 'ubuntu22'), ('XDG_CONFIG_DIRS', '/etc/xdg'), ('CONDA_EXE', '/home/rafi/anaconda3/bin/conda'), ('XDG_DATA_DIRS', '/home/rafi/.local/share/flatpak/exports/share:/var/lib/flatpak/exports/share:/usr/local/share/:/usr/share/:/usr/local/share:/usr/share'), ('PYTHONPATH', '/opt/ros/humble/lib/python3.10/site-packages:/opt/ros/humble/local/lib/python3.10/dist-packages'), ('COLCON', '1'), ('MEMORY_PRESSURE_WRITE', 'c29tZSAyMDAwMDAgMjAwMDAwMAA=')]), 'shell': False}
[0.058857] (serial) StdoutLine: {'line': b'-- Install configuration: ""\n'}
[0.059172] (serial) StdoutLine: {'line': b'-- Up-to-date: /run/media/rafi/Technical/Github/ws_ros2_control_blink/install/serial/share/serial/environment/library_path.sh\n'}
[0.059277] (serial) StdoutLine: {'line': b'-- Up-to-date: /run/media/rafi/Technical/Github/ws_ros2_control_blink/install/serial/share/serial/environment/library_path.dsv\n'}
[0.059335] (serial) StdoutLine: {'line': b'-- Up-to-date: /run/media/rafi/Technical/Github/ws_ros2_control_blink/install/serial/lib/libserial.a\n'}
[0.059448] (serial) StdoutLine: {'line': b'-- Up-to-date: /run/media/rafi/Technical/Github/ws_ros2_control_blink/install/serial/include/serial/serial.h\n'}
[0.059498] (serial) StdoutLine: {'line': b'-- Up-to-date: /run/media/rafi/Technical/Github/ws_ros2_control_blink/install/serial/include/serial/v8stdint.h\n'}
[0.059555] (serial) StdoutLine: {'line': b'-- Up-to-date: /run/media/rafi/Technical/Github/ws_ros2_control_blink/install/serial/share/ament_index/resource_index/package_run_dependencies/serial\n'}
[0.059607] (serial) StdoutLine: {'line': b'-- Up-to-date: /run/media/rafi/Technical/Github/ws_ros2_control_blink/install/serial/share/ament_index/resource_index/parent_prefix_path/serial\n'}
[0.059658] (serial) StdoutLine: {'line': b'-- Up-to-date: /run/media/rafi/Technical/Github/ws_ros2_control_blink/install/serial/share/serial/environment/ament_prefix_path.sh\n'}
[0.059707] (serial) StdoutLine: {'line': b'-- Up-to-date: /run/media/rafi/Technical/Github/ws_ros2_control_blink/install/serial/share/serial/environment/ament_prefix_path.dsv\n'}
[0.059756] (serial) StdoutLine: {'line': b'-- Up-to-date: /run/media/rafi/Technical/Github/ws_ros2_control_blink/install/serial/share/serial/environment/path.sh\n'}
[0.059805] (serial) StdoutLine: {'line': b'-- Up-to-date: /run/media/rafi/Technical/Github/ws_ros2_control_blink/install/serial/share/serial/environment/path.dsv\n'}
[0.059854] (serial) StdoutLine: {'line': b'-- Up-to-date: /run/media/rafi/Technical/Github/ws_ros2_control_blink/install/serial/share/serial/local_setup.bash\n'}
[0.059903] (serial) StdoutLine: {'line': b'-- Up-to-date: /run/media/rafi/Technical/Github/ws_ros2_control_blink/install/serial/share/serial/local_setup.sh\n'}
[0.060000] (serial) StdoutLine: {'line': b'-- Up-to-date: /run/media/rafi/Technical/Github/ws_ros2_control_blink/install/serial/share/serial/local_setup.zsh\n'}
[0.060049] (serial) StdoutLine: {'line': b'-- Up-to-date: /run/media/rafi/Technical/Github/ws_ros2_control_blink/install/serial/share/serial/local_setup.dsv\n'}
[0.060096] (serial) StdoutLine: {'line': b'-- Installing: /run/media/rafi/Technical/Github/ws_ros2_control_blink/install/serial/share/serial/package.dsv\n'}
[0.060143] (serial) StdoutLine: {'line': b'-- Up-to-date: /run/media/rafi/Technical/Github/ws_ros2_control_blink/install/serial/share/ament_index/resource_index/packages/serial\n'}
[0.060190] (serial) StdoutLine: {'line': b'-- Up-to-date: /run/media/rafi/Technical/Github/ws_ros2_control_blink/install/serial/share/serial/cmake/ament_cmake_export_include_directories-extras.cmake\n'}
[0.060236] (serial) StdoutLine: {'line': b'-- Up-to-date: /run/media/rafi/Technical/Github/ws_ros2_control_blink/install/serial/share/serial/cmake/ament_cmake_export_libraries-extras.cmake\n'}
[0.060282] (serial) StdoutLine: {'line': b'-- Up-to-date: /run/media/rafi/Technical/Github/ws_ros2_control_blink/install/serial/share/serial/cmake/serialConfig.cmake\n'}
[0.060329] (serial) StdoutLine: {'line': b'-- Up-to-date: /run/media/rafi/Technical/Github/ws_ros2_control_blink/install/serial/share/serial/cmake/serialConfig-version.cmake\n'}
[0.060377] (serial) StdoutLine: {'line': b'-- Up-to-date: /run/media/rafi/Technical/Github/ws_ros2_control_blink/install/serial/share/serial/package.xml\n'}
[0.060782] (serial) CommandEnded: {'returncode': 0}
[0.073207] (serial) JobEnded: {'identifier': 'serial', 'rc': 0}
[0.073976] (arduino_blink) JobStarted: {'identifier': 'arduino_blink'}
[0.077609] (arduino_blink) JobProgress: {'identifier': 'arduino_blink', 'progress': 'cmake'}
[0.078064] (arduino_blink) JobProgress: {'identifier': 'arduino_blink', 'progress': 'build'}
[0.078377] (arduino_blink) Command: {'cmd': ['/usr/bin/cmake', '--build', '/run/media/rafi/Technical/Github/ws_ros2_control_blink/build/arduino_blink', '--', '-j12', '-l12'], 'cwd': '/run/media/rafi/Technical/Github/ws_ros2_control_blink/build/arduino_blink', 'env': OrderedDict([('PROFILEHOME', ''), ('MAIL', '/var/spool/mail/rafi'), ('LANGUAGE', ''), ('USER', 'rafi'), ('HOSTNAME', 'archlinux'), ('XDG_SESSION_TYPE', 'wayland'), ('ROS_PACKAGE_PATH', '/run/media/rafi/Technical/Github/ws_ros2_control_blink/install/serial/share'), ('KONSOLE_VERSION', '250403'), ('XDG_CACHE_HOME', '/home/rafi/.cache'), ('SHLVL', '4'), ('LD_LIBRARY_PATH', '/opt/ros/humble/opt/rviz_ogre_vendor/lib:/opt/ros/humble/lib/x86_64-linux-gnu:/opt/ros/humble/lib'), ('MOTD_SHOWN', 'pam'), ('HOME', '/home/rafi'), ('CONDA_SHLVL', '0'), ('OLDPWD', '/home/rafi'), ('DESKTOP_SESSION', 'gnome'), ('ROS_PYTHON_VERSION', '3'), ('PS1', '[\\u@\\h \\W]\\$'), ('KONSOLE_DBUS_SESSION', '/Sessions/1'), ('MANAGERPID', '1882'), ('DISTROBOX_ENTER_PATH', '/usr/bin/distrobox-enter'), ('SYSTEMD_EXEC_PID', '2110'), ('XDG_STATE_HOME', '/home/rafi/.local/state'), ('DBUS_SESSION_BUS_ADDRESS', 'unix:path=/run/user/1000/bus'), ('COLORTERM', 'truecolor'), ('_CE_M', ''), ('container', 'sudo docker'), ('GIO_LAUNCHED_DESKTOP_FILE_PID', '4625'), ('KONSOLE_DBUS_WINDOW', '/Windows/1'), ('GNOME_KEYRING_CONTROL', '/run/user/1000/keyring'), ('WAYLAND_DISPLAY', 'wayland-0'), ('ROS_DISTRO', 'humble'), ('LOGNAME', 'rafi'), ('WINDOWID', '103982547459408'), ('JOURNAL_STREAM', '9:18554'), ('_', '/usr/bin/colcon'), ('ROS_VERSION', '2'), ('MEMORY_PRESSURE_WATCH', '/sys/fs/cgroup/user.slice/user-1000.slice/user@1000.service/session.slice/org.gnome.SettingsDaemon.MediaKeys.service/memory.pressure'), ('XDG_SESSION_CLASS', 'user'), ('COLORFGBG', '15;0'), ('TERMINFO_DIRS', '/usr/share/terminfo:/run/host/usr/share/terminfo'), ('PKG_CONFIG_PATH', '/run/media/rafi/Technical/Github/ws_ros2_control_blink/install/serial/lib/x86_64-linux-gnu/pkgconfig:/run/media/rafi/Technical/Github/ws_ros2_control_blink/install/serial/lib/pkgconfig'), ('USERNAME', 'rafi'), ('TERM', 'xterm-256color'), ('_CE_CONDA', ''), ('ROS_LOCALHOST_ONLY', '0'), ('PATH', '/opt/ros/humble/bin:/home/rafi/anaconda3/condabin:/usr/local/bin:/usr/bin:/usr/local/sbin:/usr/bin/site_perl:/usr/bin/vendor_perl:/usr/bin/core_perl:/usr/local/sbin:/usr/local/bin:/usr/sbin:/usr/bin:/sbin:/bin:/usr/sbin:/sbin:/bin'), ('SESSION_MANAGER', 'local/archlinux:@/tmp/.ICE-unix/1957,unix/archlinux:/tmp/.ICE-unix/1957'), ('GDM_LANG', 'en_US.UTF-8'), ('INVOCATION_ID', 'a0951426a69d4809aef578d198f01e9d'), ('XDG_MENU_PREFIX', 'gnome-'), ('GNOME_SETUP_DISPLAY', ':1'), ('XDG_RUNTIME_DIR', '/run/user/1000'), ('MAMBA_ROOT_PREFIX', '/home/rafi/miniforge3'), ('DISPLAY', ':0'), ('LANG', 'en_US.UTF-8'), ('XDG_CURRENT_DESKTOP', 'GNOME'), ('XDG_DATA_HOME', '/home/rafi/.local/share'), ('XDG_CONFIG_HOME', '/home/rafi/.config'), ('XDG_SESSION_DESKTOP', 'gnome'), ('XAUTHORITY', '/run/user/1000/.mutter-Xwaylandauth.JDBW82'), ('AMENT_PREFIX_PATH', '/opt/ros/humble'), ('CONDA_PYTHON_EXE', '/home/rafi/anaconda3/bin/python'), ('SHELL', '/usr/bin/bash'), ('GDMSESSION', 'gnome'), ('KONSOLE_DBUS_SERVICE', ':1.126'), ('MAMBA_EXE', '/home/rafi/miniforge3/bin/mamba'), ('PWD', '/run/media/rafi/Technical/Github/ws_ros2_control_blink/build/arduino_blink'), ('CONTAINER_ID', 'ubuntu22'), ('XDG_CONFIG_DIRS', '/etc/xdg'), ('CONDA_EXE', '/home/rafi/anaconda3/bin/conda'), ('XDG_DATA_DIRS', '/home/rafi/.local/share/flatpak/exports/share:/var/lib/flatpak/exports/share:/usr/local/share/:/usr/share/:/usr/local/share:/usr/share'), ('PYTHONPATH', '/opt/ros/humble/lib/python3.10/site-packages:/opt/ros/humble/local/lib/python3.10/dist-packages'), ('COLCON', '1'), ('MEMORY_PRESSURE_WRITE', 'c29tZSAyMDAwMDAgMjAwMDAwMAA='), ('CMAKE_PREFIX_PATH', '/opt/ros/humble:/run/media/rafi/Technical/Github/ws_ros2_control_blink/install/serial')]), 'shell': False}
[0.096784] (arduino_blink) StdoutLine: {'line': b'-- Found ament_cmake: 1.3.11 (/opt/ros/humble/share/ament_cmake/cmake)\n'}
[0.099998] (-) TimerEvent: {}
[0.193256] (arduino_blink) StdoutLine: {'line': b'-- Found hardware_interface: 2.51.0 (/opt/ros/humble/share/hardware_interface/cmake)\n'}
[0.200098] (-) TimerEvent: {}
[0.215307] (arduino_blink) StdoutLine: {'line': b'-- Found rosidl_generator_c: 3.1.6 (/opt/ros/humble/share/rosidl_generator_c/cmake)\n'}
[0.217285] (arduino_blink) StdoutLine: {'line': b'-- Found rosidl_adapter: 3.1.6 (/opt/ros/humble/share/rosidl_adapter/cmake)\n'}
[0.221973] (arduino_blink) StdoutLine: {'line': b'-- Found rosidl_generator_cpp: 3.1.6 (/opt/ros/humble/share/rosidl_generator_cpp/cmake)\n'}
[0.229777] (arduino_blink) StdoutLine: {'line': b'-- Using all available rosidl_typesupport_c: rosidl_typesupport_fastrtps_c;rosidl_typesupport_introspection_c\n'}
[0.240123] (arduino_blink) StdoutLine: {'line': b'-- Using all available rosidl_typesupport_cpp: rosidl_typesupport_fastrtps_cpp;rosidl_typesupport_introspection_cpp\n'}
[0.300221] (-) TimerEvent: {}
[0.385340] (arduino_blink) StdoutLine: {'line': b'-- Found rmw_implementation_cmake: 6.1.2 (/opt/ros/humble/share/rmw_implementation_cmake/cmake)\n'}
[0.386584] (arduino_blink) StdoutLine: {'line': b'-- Found rmw_fastrtps_cpp: 6.2.7 (/opt/ros/humble/share/rmw_fastrtps_cpp/cmake)\n'}
[0.400334] (-) TimerEvent: {}
[0.402982] (arduino_blink) StdoutLine: {'line': b'-- Found TinyXML2 via Config file: TinyXML2_DIR-NOTFOUND\n'}
[0.410122] (arduino_blink) StdoutLine: {'line': b'-- Found TinyXML2 via Config file: TinyXML2_DIR-NOTFOUND\n'}
[0.424117] (arduino_blink) StdoutLine: {'line': b'-- Found TinyXML2 via Config file: TinyXML2_DIR-NOTFOUND\n'}
[0.431111] (arduino_blink) StdoutLine: {'line': b'-- Found TinyXML2 via Config file: TinyXML2_DIR-NOTFOUND\n'}
[0.438472] (arduino_blink) StdoutLine: {'line': b"-- Using RMW implementation 'rmw_fastrtps_cpp' as default\n"}
[0.477113] (arduino_blink) StdoutLine: {'line': b'-- Found rclcpp_components: 16.0.12 (/opt/ros/humble/share/rclcpp_components/cmake)\n'}
[0.491710] (arduino_blink) StdoutLine: {'line': b'-- Found serial: 1.2.1 (/run/media/rafi/Technical/Github/ws_ros2_control_blink/install/serial/share/serial/cmake)\n'}
[0.498503] (arduino_blink) StdoutLine: {'line': b'-- Found ament_lint_auto: 0.12.12 (/opt/ros/humble/share/ament_lint_auto/cmake)\n'}
[0.500410] (-) TimerEvent: {}
[0.549978] (arduino_blink) StdoutLine: {'line': b'-- Configuring done\n'}
[0.567894] (arduino_blink) StdoutLine: {'line': b'-- Generating done\n'}
[0.571978] (arduino_blink) StdoutLine: {'line': b'-- Build files have been written to: /run/media/rafi/Technical/Github/ws_ros2_control_blink/build/arduino_blink\n'}
[0.590023] (arduino_blink) StdoutLine: {'line': b'\x1b[35m\x1b[1mConsolidate compiler generated dependencies of target arduino_blink\x1b[0m\n'}
[0.600515] (-) TimerEvent: {}
[0.602032] (arduino_blink) StdoutLine: {'line': b'[100%] Built target arduino_blink\n'}
[0.609319] (arduino_blink) CommandEnded: {'returncode': 0}
[0.609625] (arduino_blink) JobProgress: {'identifier': 'arduino_blink', 'progress': 'install'}
[0.609924] (arduino_blink) Command: {'cmd': ['/usr/bin/cmake', '--install', '/run/media/rafi/Technical/Github/ws_ros2_control_blink/build/arduino_blink'], 'cwd': '/run/media/rafi/Technical/Github/ws_ros2_control_blink/build/arduino_blink', 'env': OrderedDict([('PROFILEHOME', ''), ('MAIL', '/var/spool/mail/rafi'), ('LANGUAGE', ''), ('USER', 'rafi'), ('HOSTNAME', 'archlinux'), ('XDG_SESSION_TYPE', 'wayland'), ('ROS_PACKAGE_PATH', '/run/media/rafi/Technical/Github/ws_ros2_control_blink/install/serial/share'), ('KONSOLE_VERSION', '250403'), ('XDG_CACHE_HOME', '/home/rafi/.cache'), ('SHLVL', '4'), ('LD_LIBRARY_PATH', '/opt/ros/humble/opt/rviz_ogre_vendor/lib:/opt/ros/humble/lib/x86_64-linux-gnu:/opt/ros/humble/lib'), ('MOTD_SHOWN', 'pam'), ('HOME', '/home/rafi'), ('CONDA_SHLVL', '0'), ('OLDPWD', '/home/rafi'), ('DESKTOP_SESSION', 'gnome'), ('ROS_PYTHON_VERSION', '3'), ('PS1', '[\\u@\\h \\W]\\$'), ('KONSOLE_DBUS_SESSION', '/Sessions/1'), ('MANAGERPID', '1882'), ('DISTROBOX_ENTER_PATH', '/usr/bin/distrobox-enter'), ('SYSTEMD_EXEC_PID', '2110'), ('XDG_STATE_HOME', '/home/rafi/.local/state'), ('DBUS_SESSION_BUS_ADDRESS', 'unix:path=/run/user/1000/bus'), ('COLORTERM', 'truecolor'), ('_CE_M', ''), ('container', 'sudo docker'), ('GIO_LAUNCHED_DESKTOP_FILE_PID', '4625'), ('KONSOLE_DBUS_WINDOW', '/Windows/1'), ('GNOME_KEYRING_CONTROL', '/run/user/1000/keyring'), ('WAYLAND_DISPLAY', 'wayland-0'), ('ROS_DISTRO', 'humble'), ('LOGNAME', 'rafi'), ('WINDOWID', '103982547459408'), ('JOURNAL_STREAM', '9:18554'), ('_', '/usr/bin/colcon'), ('ROS_VERSION', '2'), ('MEMORY_PRESSURE_WATCH', '/sys/fs/cgroup/user.slice/user-1000.slice/user@1000.service/session.slice/org.gnome.SettingsDaemon.MediaKeys.service/memory.pressure'), ('XDG_SESSION_CLASS', 'user'), ('COLORFGBG', '15;0'), ('TERMINFO_DIRS', '/usr/share/terminfo:/run/host/usr/share/terminfo'), ('PKG_CONFIG_PATH', '/run/media/rafi/Technical/Github/ws_ros2_control_blink/install/serial/lib/x86_64-linux-gnu/pkgconfig:/run/media/rafi/Technical/Github/ws_ros2_control_blink/install/serial/lib/pkgconfig'), ('USERNAME', 'rafi'), ('TERM', 'xterm-256color'), ('_CE_CONDA', ''), ('ROS_LOCALHOST_ONLY', '0'), ('PATH', '/opt/ros/humble/bin:/home/rafi/anaconda3/condabin:/usr/local/bin:/usr/bin:/usr/local/sbin:/usr/bin/site_perl:/usr/bin/vendor_perl:/usr/bin/core_perl:/usr/local/sbin:/usr/local/bin:/usr/sbin:/usr/bin:/sbin:/bin:/usr/sbin:/sbin:/bin'), ('SESSION_MANAGER', 'local/archlinux:@/tmp/.ICE-unix/1957,unix/archlinux:/tmp/.ICE-unix/1957'), ('GDM_LANG', 'en_US.UTF-8'), ('INVOCATION_ID', 'a0951426a69d4809aef578d198f01e9d'), ('XDG_MENU_PREFIX', 'gnome-'), ('GNOME_SETUP_DISPLAY', ':1'), ('XDG_RUNTIME_DIR', '/run/user/1000'), ('MAMBA_ROOT_PREFIX', '/home/rafi/miniforge3'), ('DISPLAY', ':0'), ('LANG', 'en_US.UTF-8'), ('XDG_CURRENT_DESKTOP', 'GNOME'), ('XDG_DATA_HOME', '/home/rafi/.local/share'), ('XDG_CONFIG_HOME', '/home/rafi/.config'), ('XDG_SESSION_DESKTOP', 'gnome'), ('XAUTHORITY', '/run/user/1000/.mutter-Xwaylandauth.JDBW82'), ('AMENT_PREFIX_PATH', '/opt/ros/humble'), ('CONDA_PYTHON_EXE', '/home/rafi/anaconda3/bin/python'), ('SHELL', '/usr/bin/bash'), ('GDMSESSION', 'gnome'), ('KONSOLE_DBUS_SERVICE', ':1.126'), ('MAMBA_EXE', '/home/rafi/miniforge3/bin/mamba'), ('PWD', '/run/media/rafi/Technical/Github/ws_ros2_control_blink/build/arduino_blink'), ('CONTAINER_ID', 'ubuntu22'), ('XDG_CONFIG_DIRS', '/etc/xdg'), ('CONDA_EXE', '/home/rafi/anaconda3/bin/conda'), ('XDG_DATA_DIRS', '/home/rafi/.local/share/flatpak/exports/share:/var/lib/flatpak/exports/share:/usr/local/share/:/usr/share/:/usr/local/share:/usr/share'), ('PYTHONPATH', '/opt/ros/humble/lib/python3.10/site-packages:/opt/ros/humble/local/lib/python3.10/dist-packages'), ('COLCON', '1'), ('MEMORY_PRESSURE_WRITE', 'c29tZSAyMDAwMDAgMjAwMDAwMAA='), ('CMAKE_PREFIX_PATH', '/opt/ros/humble:/run/media/rafi/Technical/Github/ws_ros2_control_blink/install/serial')]), 'shell': False}
[0.615686] (arduino_blink) StdoutLine: {'line': b'-- Install configuration: ""\n'}
[0.615806] (arduino_blink) StdoutLine: {'line': b'-- Up-to-date: /run/media/rafi/Technical/Github/ws_ros2_control_blink/install/arduino_blink/share/arduino_blink/plugins/arduino_hardware.xml\n'}
[0.615971] (arduino_blink) StdoutLine: {'line': b'-- Up-to-date: /run/media/rafi/Technical/Github/ws_ros2_control_blink/install/arduino_blink/lib/libarduino_blink.so\n'}
[0.616169] (arduino_blink) StdoutLine: {'line': b'-- Up-to-date: /run/media/rafi/Technical/Github/ws_ros2_control_blink/install/arduino_blink/include\n'}
[0.616392] (arduino_blink) StdoutLine: {'line': b'-- Up-to-date: /run/media/rafi/Technical/Github/ws_ros2_control_blink/install/arduino_blink/include/arduino_blink\n'}
[0.616466] (arduino_blink) StdoutLine: {'line': b'-- Up-to-date: /run/media/rafi/Technical/Github/ws_ros2_control_blink/install/arduino_blink/include/blink.hpp\n'}
[0.616519] (arduino_blink) StderrLine: {'line': b'\x1b[31mCMake Error at cmake_install.cmake:77 (file):\n'}
[0.616576] (arduino_blink) StderrLine: {'line': b'  file INSTALL cannot find\n'}
[0.616625] (arduino_blink) StderrLine: {'line': b'  "/run/media/rafi/Technical/Github/ws_ros2_control_blink/src/arduino_blink/arduino_hardware.xml":\n'}
[0.616671] (arduino_blink) StderrLine: {'line': b'  No such file or directory.\n'}
[0.616716] (arduino_blink) StderrLine: {'line': b'\n'}
[0.616762] (arduino_blink) StderrLine: {'line': b'\x1b[0m\n'}
[0.617254] (arduino_blink) CommandEnded: {'returncode': 1}
[0.622326] (arduino_blink) JobEnded: {'identifier': 'arduino_blink', 'rc': 1}
[0.632767] (-) EventReactorShutdown: {}
