-- The C compiler identification is GNU 11.4.0
-- The CXX compiler identification is GNU 11.4.0
-- Detecting C compiler ABI info
-- Detecting C compiler ABI info - done
-- Check for working C compiler: /usr/bin/cc - skipped
-- Detecting C compile features
-- Detecting C compile features - done
-- Detecting CXX compiler ABI info
-- Detecting CXX compiler ABI info - done
-- Check for working CXX compiler: /usr/bin/c++ - skipped
-- Detecting CXX compile features
-- Detecting CXX compile features - done
-- Found ament_cmake: 1.3.11 (/opt/ros/humble/share/ament_cmake/cmake)
-- Found Python3: /usr/bin/python3 (found version "3.10.12") found components: Interpreter 
-- Found hardware_interface: 2.51.0 (/opt/ros/humble/share/hardware_interface/cmake)
-- Found rosidl_generator_c: 3.1.6 (/opt/ros/humble/share/rosidl_generator_c/cmake)
-- Found rosidl_adapter: 3.1.6 (/opt/ros/humble/share/rosidl_adapter/cmake)
-- Found rosidl_generator_cpp: 3.1.6 (/opt/ros/humble/share/rosidl_generator_cpp/cmake)
-- Using all available rosidl_typesupport_c: rosidl_typesupport_fastrtps_c;rosidl_typesupport_introspection_c
-- Using all available rosidl_typesupport_cpp: rosidl_typesupport_fastrtps_cpp;rosidl_typesupport_introspection_cpp
-- Found rmw_implementation_cmake: 6.1.2 (/opt/ros/humble/share/rmw_implementation_cmake/cmake)
-- Found rmw_fastrtps_cpp: 6.2.7 (/opt/ros/humble/share/rmw_fastrtps_cpp/cmake)
-- Found TinyXML2 via Config file: TinyXML2_DIR-NOTFOUND
-- Found OpenSSL: /usr/lib/x86_64-linux-gnu/libcrypto.so (found version "3.0.2")  
-- Found TinyXML2 via Config file: TinyXML2_DIR-NOTFOUND
-- Found FastRTPS: /opt/ros/humble/include  
-- Found TinyXML2 via Config file: TinyXML2_DIR-NOTFOUND
-- Found TinyXML2 via Config file: TinyXML2_DIR-NOTFOUND
-- Using RMW implementation 'rmw_fastrtps_cpp' as default
-- Looking for pthread.h
-- Looking for pthread.h - found
-- Performing Test CMAKE_HAVE_LIBC_PTHREAD
-- Performing Test CMAKE_HAVE_LIBC_PTHREAD - Success
-- Found Threads: TRUE  
-- Found serial: 1.2.1 (/run/media/rafi/Technical/Github/ws_ros2_control_blink/install/serial/share/serial/cmake)
-- Found ament_lint_auto: 0.12.12 (/opt/ros/humble/share/ament_lint_auto/cmake)
-- Configuring done
-- Generating done
-- Build files have been written to: /run/media/rafi/Technical/Github/ws_ros2_control_blink/build/arduino_blink
[ 50%] [32mBuilding CXX object CMakeFiles/arduino_blink.dir/src/blink.cpp.o[0m
[100%] [32m[1mLinking CXX shared library libarduino_blink.so[0m
/usr/bin/ld: /run/media/rafi/Technical/Github/ws_ros2_control_blink/install/serial/lib/libserial.a(unix.cc.o): warning: relocation against `_ZTVN6serial15SerialExceptionE' in read-only section `.text._ZN6serial15SerialExceptionD2Ev[_ZN6serial15SerialExceptionD5Ev]'
/usr/bin/ld: /run/media/rafi/Technical/Github/ws_ros2_control_blink/install/serial/lib/libserial.a(serial.cc.o): relocation R_X86_64_PC32 against symbol `_ZTVN6serial6SerialE' can not be used when making a shared object; recompile with -fPIC
/usr/bin/ld: final link failed: bad value
collect2: error: ld returned 1 exit status
gmake[2]: *** [CMakeFiles/arduino_blink.dir/build.make:291: libarduino_blink.so] Error 1
gmake[1]: *** [CMakeFiles/Makefile2:137: CMakeFiles/arduino_blink.dir/all] Error 2
gmake: *** [Makefile:146: all] Error 2
