[0.000000] (-) TimerEvent: {}
[0.000615] (serial) JobQueued: {'identifier': 'serial', 'dependencies': OrderedDict()}
[0.000673] (arduino_blink) JobQueued: {'identifier': 'arduino_blink', 'dependencies': OrderedDict([('serial', '/run/media/rafi/Technical/Github/ws_ros2_control_blink/install/serial')])}
[0.000752] (serial) JobStarted: {'identifier': 'serial'}
[0.004571] (serial) JobProgress: {'identifier': 'serial', 'progress': 'cmake'}
[0.004942] (serial) Command: {'cmd': ['/usr/bin/cmake', '/run/media/rafi/Technical/Github/ws_ros2_control_blink/src/serial', '-DCATKIN_INSTALL_INTO_PREFIX_ROOT=0', '-DCMAKE_INSTALL_PREFIX=/run/media/rafi/Technical/Github/ws_ros2_control_blink/install/serial'], 'cwd': '/run/media/rafi/Technical/Github/ws_ros2_control_blink/build/serial', 'env': OrderedDict([('PROFILEHOME', ''), ('MAIL', '/var/spool/mail/rafi'), ('LANGUAGE', ''), ('USER', 'rafi'), ('HOSTNAME', 'archlinux'), ('XDG_SESSION_TYPE', 'wayland'), ('KONSOLE_VERSION', '250403'), ('XDG_CACHE_HOME', '/home/rafi/.cache'), ('SHLVL', '4'), ('MOTD_SHOWN', 'pam'), ('HOME', '/home/rafi'), ('CONDA_SHLVL', '0'), ('OLDPWD', '/home/rafi'), ('DESKTOP_SESSION', 'gnome'), ('PS1', '[\\u@\\h \\W]\\$'), ('KONSOLE_DBUS_SESSION', '/Sessions/1'), ('MANAGERPID', '1882'), ('DISTROBOX_ENTER_PATH', '/usr/bin/distrobox-enter'), ('SYSTEMD_EXEC_PID', '2110'), ('XDG_STATE_HOME', '/home/rafi/.local/state'), ('DBUS_SESSION_BUS_ADDRESS', 'unix:path=/run/user/1000/bus'), ('COLORTERM', 'truecolor'), ('_CE_M', ''), ('container', 'sudo docker'), ('GIO_LAUNCHED_DESKTOP_FILE_PID', '4625'), ('KONSOLE_DBUS_WINDOW', '/Windows/1'), ('GNOME_KEYRING_CONTROL', '/run/user/1000/keyring'), ('WAYLAND_DISPLAY', 'wayland-0'), ('LOGNAME', 'rafi'), ('WINDOWID', '103982547459408'), ('JOURNAL_STREAM', '9:18554'), ('_', '/usr/bin/colcon'), ('MEMORY_PRESSURE_WATCH', '/sys/fs/cgroup/user.slice/user-1000.slice/user@1000.service/session.slice/org.gnome.SettingsDaemon.MediaKeys.service/memory.pressure'), ('XDG_SESSION_CLASS', 'user'), ('COLORFGBG', '15;0'), ('TERMINFO_DIRS', '/usr/share/terminfo:/run/host/usr/share/terminfo'), ('USERNAME', 'rafi'), ('TERM', 'xterm-256color'), ('_CE_CONDA', ''), ('PATH', '/home/rafi/anaconda3/condabin:/usr/local/bin:/usr/bin:/usr/local/sbin:/usr/bin/site_perl:/usr/bin/vendor_perl:/usr/bin/core_perl:/usr/local/sbin:/usr/local/bin:/usr/sbin:/usr/bin:/sbin:/bin:/usr/sbin:/sbin:/bin'), ('SESSION_MANAGER', 'local/archlinux:@/tmp/.ICE-unix/1957,unix/archlinux:/tmp/.ICE-unix/1957'), ('GDM_LANG', 'en_US.UTF-8'), ('INVOCATION_ID', 'a0951426a69d4809aef578d198f01e9d'), ('XDG_MENU_PREFIX', 'gnome-'), ('GNOME_SETUP_DISPLAY', ':1'), ('XDG_RUNTIME_DIR', '/run/user/1000'), ('MAMBA_ROOT_PREFIX', '/home/rafi/miniforge3'), ('DISPLAY', ':0'), ('LANG', 'en_US.UTF-8'), ('XDG_CURRENT_DESKTOP', 'GNOME'), ('XDG_DATA_HOME', '/home/rafi/.local/share'), ('XDG_CONFIG_HOME', '/home/rafi/.config'), ('XDG_SESSION_DESKTOP', 'gnome'), ('XAUTHORITY', '/run/user/1000/.mutter-Xwaylandauth.JDBW82'), ('CONDA_PYTHON_EXE', '/home/rafi/anaconda3/bin/python'), ('SHELL', '/usr/bin/bash'), ('GDMSESSION', 'gnome'), ('KONSOLE_DBUS_SERVICE', ':1.126'), ('MAMBA_EXE', '/home/rafi/miniforge3/bin/mamba'), ('PWD', '/run/media/rafi/Technical/Github/ws_ros2_control_blink/build/serial'), ('CONTAINER_ID', 'ubuntu22'), ('XDG_CONFIG_DIRS', '/etc/xdg'), ('CONDA_EXE', '/home/rafi/anaconda3/bin/conda'), ('XDG_DATA_DIRS', '/home/rafi/.local/share/flatpak/exports/share:/var/lib/flatpak/exports/share:/usr/local/share/:/usr/share/:/usr/local/share:/usr/share'), ('COLCON', '1'), ('MEMORY_PRESSURE_WRITE', 'c29tZSAyMDAwMDAgMjAwMDAwMAA=')]), 'shell': False}
[0.099971] (-) TimerEvent: {}
[0.200363] (-) TimerEvent: {}
[0.300967] (-) TimerEvent: {}
[0.367231] (serial) StdoutLine: {'line': b'-- The C compiler identification is GNU 11.4.0\n'}
[0.401069] (-) TimerEvent: {}
[0.501322] (-) TimerEvent: {}
[0.548045] (serial) StdoutLine: {'line': b'-- The CXX compiler identification is GNU 11.4.0\n'}
[0.554486] (serial) StdoutLine: {'line': b'-- Detecting C compiler ABI info\n'}
[0.601430] (-) TimerEvent: {}
[0.652518] (serial) StdoutLine: {'line': b'-- Detecting C compiler ABI info - done\n'}
[0.661511] (serial) StdoutLine: {'line': b'-- Check for working C compiler: /usr/bin/cc - skipped\n'}
[0.661985] (serial) StdoutLine: {'line': b'-- Detecting C compile features\n'}
[0.671258] (serial) StdoutLine: {'line': b'-- Detecting C compile features - done\n'}
[0.674921] (serial) StdoutLine: {'line': b'-- Detecting CXX compiler ABI info\n'}
[0.701555] (-) TimerEvent: {}
[0.760939] (serial) StdoutLine: {'line': b'-- Detecting CXX compiler ABI info - done\n'}
[0.767804] (serial) StdoutLine: {'line': b'-- Check for working CXX compiler: /usr/bin/c++ - skipped\n'}
[0.768029] (serial) StdoutLine: {'line': b'-- Detecting CXX compile features\n'}
[0.768408] (serial) StdoutLine: {'line': b'-- Detecting CXX compile features - done\n'}
[0.801722] (-) TimerEvent: {}
[0.902075] (-) TimerEvent: {}
[1.002621] (-) TimerEvent: {}
[1.003802] (serial) StderrLine: {'line': b'\x1b[31mCMake Error at CMakeLists.txt:4 (find_package):\n'}
[1.004008] (serial) StderrLine: {'line': b'  By not providing "Findament_cmake.cmake" in CMAKE_MODULE_PATH this project\n'}
[1.004129] (serial) StderrLine: {'line': b'  has asked CMake to find a package configuration file provided by\n'}
[1.004234] (serial) StderrLine: {'line': b'  "ament_cmake", but CMake did not find one.\n'}
[1.004334] (serial) StderrLine: {'line': b'\n'}
[1.004433] (serial) StderrLine: {'line': b'  Could not find a package configuration file provided by "ament_cmake" with\n'}
[1.004531] (serial) StderrLine: {'line': b'  any of the following names:\n'}
[1.004628] (serial) StderrLine: {'line': b'\n'}
[1.004723] (serial) StderrLine: {'line': b'    ament_cmakeConfig.cmake\n'}
[1.004819] (serial) StderrLine: {'line': b'    ament_cmake-config.cmake\n'}
[1.004914] (serial) StderrLine: {'line': b'\n'}
[1.005009] (serial) StderrLine: {'line': b'  Add the installation prefix of "ament_cmake" to CMAKE_PREFIX_PATH or set\n'}
[1.005106] (serial) StderrLine: {'line': b'  "ament_cmake_DIR" to a directory containing one of the above files.  If\n'}
[1.005266] (serial) StderrLine: {'line': b'  "ament_cmake" provides a separate development package or SDK, be sure it\n'}
[1.005361] (serial) StderrLine: {'line': b'  has been installed.\n'}
[1.005452] (serial) StderrLine: {'line': b'\n'}
[1.005541] (serial) StderrLine: {'line': b'\x1b[0m\n'}
[1.005633] (serial) StdoutLine: {'line': b'-- Configuring incomplete, errors occurred!\n'}
[1.005734] (serial) StdoutLine: {'line': b'See also "/run/media/rafi/Technical/Github/ws_ros2_control_blink/build/serial/CMakeFiles/CMakeOutput.log".\n'}
[1.007808] (serial) CommandEnded: {'returncode': 1}
[1.031746] (serial) JobEnded: {'identifier': 'serial', 'rc': 1}
[1.042189] (arduino_blink) JobSkipped: {'identifier': 'arduino_blink'}
[1.042227] (-) EventReactorShutdown: {}
