[0.091s] DEBUG:colcon:Command line arguments: ['/usr/bin/colcon', 'build']
[0.091s] DEBUG:colcon:Parsed command line arguments: Namespace(log_base=None, log_level=None, verb_name='build', build_base='build', install_base='install', merge_install=False, symlink_install=False, test_result_base=None, continue_on_error=False, executor='parallel', parallel_workers=12, event_handlers=None, ignore_user_meta=False, metas=['./colcon.meta'], base_paths=['.'], packages_ignore=None, packages_ignore_regex=None, paths=None, packages_up_to=None, packages_up_to_regex=None, packages_above=None, packages_above_and_dependencies=None, packages_above_depth=None, packages_select_by_dep=None, packages_skip_by_dep=None, packages_skip_up_to=None, packages_select_build_failed=False, packages_skip_build_finished=False, packages_select_test_failures=False, packages_skip_test_passed=False, packages_select=None, packages_skip=None, packages_select_regex=None, packages_skip_regex=None, packages_start=None, packages_end=None, allow_overriding=[], cmake_args=None, cmake_target=None, cmake_target_skip_unavailable=False, cmake_clean_cache=False, cmake_clean_first=False, cmake_force_configure=False, ament_cmake_args=None, catkin_cmake_args=None, catkin_skip_building_tests=False, verb_parser=<colcon_defaults.argument_parser.defaults.DefaultArgumentsDecorator object at 0x78278190a5f0>, verb_extension=<colcon_core.verb.build.BuildVerb object at 0x78278190a050>, main=<bound method BuildVerb.main of <colcon_core.verb.build.BuildVerb object at 0x78278190a050>>)
[0.176s] Level 1:colcon.colcon_core.package_discovery:discover_packages(colcon_meta) check parameters
[0.176s] Level 1:colcon.colcon_core.package_discovery:discover_packages(recursive) check parameters
[0.176s] Level 1:colcon.colcon_core.package_discovery:discover_packages(ignore) check parameters
[0.176s] Level 1:colcon.colcon_core.package_discovery:discover_packages(path) check parameters
[0.176s] Level 1:colcon.colcon_core.package_discovery:discover_packages(colcon_meta) discover
[0.176s] Level 1:colcon.colcon_core.package_discovery:discover_packages(recursive) discover
[0.176s] INFO:colcon.colcon_core.package_discovery:Crawling recursively for packages in '/run/media/rafi/Technical/Github/ws_ros2_control_blink'
[0.177s] Level 1:colcon.colcon_core.package_identification:_identify(.) by extensions ['ignore', 'ignore_ament_install']
[0.177s] Level 1:colcon.colcon_core.package_identification:_identify(.) by extension 'ignore'
[0.177s] Level 1:colcon.colcon_core.package_identification:_identify(.) by extension 'ignore_ament_install'
[0.177s] Level 1:colcon.colcon_core.package_identification:_identify(.) by extensions ['colcon_pkg']
[0.177s] Level 1:colcon.colcon_core.package_identification:_identify(.) by extension 'colcon_pkg'
[0.177s] Level 1:colcon.colcon_core.package_identification:_identify(.) by extensions ['colcon_meta']
[0.177s] Level 1:colcon.colcon_core.package_identification:_identify(.) by extension 'colcon_meta'
[0.177s] Level 1:colcon.colcon_core.package_identification:_identify(.) by extensions ['ros']
[0.177s] Level 1:colcon.colcon_core.package_identification:_identify(.) by extension 'ros'
[0.186s] Level 1:colcon.colcon_core.package_identification:_identify(.) by extensions ['cmake', 'python']
[0.186s] Level 1:colcon.colcon_core.package_identification:_identify(.) by extension 'cmake'
[0.186s] Level 1:colcon.colcon_core.package_identification:_identify(.) by extension 'python'
[0.186s] Level 1:colcon.colcon_core.package_identification:_identify(.) by extensions ['python_setup_py']
[0.186s] Level 1:colcon.colcon_core.package_identification:_identify(.) by extension 'python_setup_py'
[0.186s] Level 1:colcon.colcon_core.package_identification:_identify(build) by extensions ['ignore', 'ignore_ament_install']
[0.186s] Level 1:colcon.colcon_core.package_identification:_identify(build) by extension 'ignore'
[0.186s] Level 1:colcon.colcon_core.package_identification:_identify(build) ignored
[0.186s] Level 1:colcon.colcon_core.package_identification:_identify(install) by extensions ['ignore', 'ignore_ament_install']
[0.186s] Level 1:colcon.colcon_core.package_identification:_identify(install) by extension 'ignore'
[0.186s] Level 1:colcon.colcon_core.package_identification:_identify(install) ignored
[0.186s] Level 1:colcon.colcon_core.package_identification:_identify(log) by extensions ['ignore', 'ignore_ament_install']
[0.186s] Level 1:colcon.colcon_core.package_identification:_identify(log) by extension 'ignore'
[0.186s] Level 1:colcon.colcon_core.package_identification:_identify(log) ignored
[0.186s] Level 1:colcon.colcon_core.package_identification:_identify(src) by extensions ['ignore', 'ignore_ament_install']
[0.186s] Level 1:colcon.colcon_core.package_identification:_identify(src) by extension 'ignore'
[0.186s] Level 1:colcon.colcon_core.package_identification:_identify(src) by extension 'ignore_ament_install'
[0.186s] Level 1:colcon.colcon_core.package_identification:_identify(src) by extensions ['colcon_pkg']
[0.186s] Level 1:colcon.colcon_core.package_identification:_identify(src) by extension 'colcon_pkg'
[0.187s] Level 1:colcon.colcon_core.package_identification:_identify(src) by extensions ['colcon_meta']
[0.187s] Level 1:colcon.colcon_core.package_identification:_identify(src) by extension 'colcon_meta'
[0.187s] Level 1:colcon.colcon_core.package_identification:_identify(src) by extensions ['ros']
[0.187s] Level 1:colcon.colcon_core.package_identification:_identify(src) by extension 'ros'
[0.187s] Level 1:colcon.colcon_core.package_identification:_identify(src) by extensions ['cmake', 'python']
[0.187s] Level 1:colcon.colcon_core.package_identification:_identify(src) by extension 'cmake'
[0.187s] Level 1:colcon.colcon_core.package_identification:_identify(src) by extension 'python'
[0.187s] Level 1:colcon.colcon_core.package_identification:_identify(src) by extensions ['python_setup_py']
[0.187s] Level 1:colcon.colcon_core.package_identification:_identify(src) by extension 'python_setup_py'
[0.187s] Level 1:colcon.colcon_core.package_identification:_identify(src/arduino_blink) by extensions ['ignore', 'ignore_ament_install']
[0.187s] Level 1:colcon.colcon_core.package_identification:_identify(src/arduino_blink) by extension 'ignore'
[0.187s] Level 1:colcon.colcon_core.package_identification:_identify(src/arduino_blink) by extension 'ignore_ament_install'
[0.187s] Level 1:colcon.colcon_core.package_identification:_identify(src/arduino_blink) by extensions ['colcon_pkg']
[0.187s] Level 1:colcon.colcon_core.package_identification:_identify(src/arduino_blink) by extension 'colcon_pkg'
[0.187s] Level 1:colcon.colcon_core.package_identification:_identify(src/arduino_blink) by extensions ['colcon_meta']
[0.187s] Level 1:colcon.colcon_core.package_identification:_identify(src/arduino_blink) by extension 'colcon_meta'
[0.187s] Level 1:colcon.colcon_core.package_identification:_identify(src/arduino_blink) by extensions ['ros']
[0.187s] Level 1:colcon.colcon_core.package_identification:_identify(src/arduino_blink) by extension 'ros'
[0.189s] DEBUG:colcon.colcon_core.package_identification:Package 'src/arduino_blink' with type 'ros.ament_cmake' and name 'arduino_blink'
[0.189s] Level 1:colcon.colcon_core.package_identification:_identify(src/serial) by extensions ['ignore', 'ignore_ament_install']
[0.189s] Level 1:colcon.colcon_core.package_identification:_identify(src/serial) by extension 'ignore'
[0.189s] Level 1:colcon.colcon_core.package_identification:_identify(src/serial) by extension 'ignore_ament_install'
[0.190s] Level 1:colcon.colcon_core.package_identification:_identify(src/serial) by extensions ['colcon_pkg']
[0.190s] Level 1:colcon.colcon_core.package_identification:_identify(src/serial) by extension 'colcon_pkg'
[0.190s] Level 1:colcon.colcon_core.package_identification:_identify(src/serial) by extensions ['colcon_meta']
[0.190s] Level 1:colcon.colcon_core.package_identification:_identify(src/serial) by extension 'colcon_meta'
[0.190s] Level 1:colcon.colcon_core.package_identification:_identify(src/serial) by extensions ['ros']
[0.190s] Level 1:colcon.colcon_core.package_identification:_identify(src/serial) by extension 'ros'
[0.190s] DEBUG:colcon.colcon_core.package_identification:Package 'src/serial' with type 'ros.catkin' and name 'serial'
[0.190s] Level 1:colcon.colcon_core.package_discovery:discover_packages(recursive) using defaults
[0.190s] Level 1:colcon.colcon_core.package_discovery:discover_packages(ignore) discover
[0.190s] Level 1:colcon.colcon_core.package_discovery:discover_packages(ignore) using defaults
[0.190s] Level 1:colcon.colcon_core.package_discovery:discover_packages(path) discover
[0.190s] Level 1:colcon.colcon_core.package_discovery:discover_packages(path) using defaults
[0.206s] Level 1:colcon.colcon_core.package_discovery:discover_packages(prefix_path) check parameters
[0.206s] Level 1:colcon.colcon_core.package_discovery:discover_packages(prefix_path) discover
[0.207s] Level 1:colcon.colcon_core.package_discovery:discover_packages(prefix_path) using defaults
[0.207s] Level 5:colcon.colcon_core.verb:set package 'serial' build argument 'cmake_args' from command line to 'None'
[0.208s] Level 5:colcon.colcon_core.verb:set package 'serial' build argument 'cmake_target' from command line to 'None'
[0.208s] Level 5:colcon.colcon_core.verb:set package 'serial' build argument 'cmake_target_skip_unavailable' from command line to 'False'
[0.208s] Level 5:colcon.colcon_core.verb:set package 'serial' build argument 'cmake_clean_cache' from command line to 'False'
[0.208s] Level 5:colcon.colcon_core.verb:set package 'serial' build argument 'cmake_clean_first' from command line to 'False'
[0.208s] Level 5:colcon.colcon_core.verb:set package 'serial' build argument 'cmake_force_configure' from command line to 'False'
[0.208s] Level 5:colcon.colcon_core.verb:set package 'serial' build argument 'ament_cmake_args' from command line to 'None'
[0.208s] Level 5:colcon.colcon_core.verb:set package 'serial' build argument 'catkin_cmake_args' from command line to 'None'
[0.208s] Level 5:colcon.colcon_core.verb:set package 'serial' build argument 'catkin_skip_building_tests' from command line to 'False'
[0.208s] DEBUG:colcon.colcon_core.verb:Building package 'serial' with the following arguments: {'ament_cmake_args': None, 'build_base': '/run/media/rafi/Technical/Github/ws_ros2_control_blink/build/serial', 'catkin_cmake_args': None, 'catkin_skip_building_tests': False, 'cmake_args': None, 'cmake_clean_cache': False, 'cmake_clean_first': False, 'cmake_force_configure': False, 'cmake_target': None, 'cmake_target_skip_unavailable': False, 'install_base': '/run/media/rafi/Technical/Github/ws_ros2_control_blink/install/serial', 'merge_install': False, 'path': '/run/media/rafi/Technical/Github/ws_ros2_control_blink/src/serial', 'symlink_install': False, 'test_result_base': None}
[0.208s] Level 5:colcon.colcon_core.verb:set package 'arduino_blink' build argument 'cmake_args' from command line to 'None'
[0.208s] Level 5:colcon.colcon_core.verb:set package 'arduino_blink' build argument 'cmake_target' from command line to 'None'
[0.208s] Level 5:colcon.colcon_core.verb:set package 'arduino_blink' build argument 'cmake_target_skip_unavailable' from command line to 'False'
[0.208s] Level 5:colcon.colcon_core.verb:set package 'arduino_blink' build argument 'cmake_clean_cache' from command line to 'False'
[0.208s] Level 5:colcon.colcon_core.verb:set package 'arduino_blink' build argument 'cmake_clean_first' from command line to 'False'
[0.208s] Level 5:colcon.colcon_core.verb:set package 'arduino_blink' build argument 'cmake_force_configure' from command line to 'False'
[0.208s] Level 5:colcon.colcon_core.verb:set package 'arduino_blink' build argument 'ament_cmake_args' from command line to 'None'
[0.208s] Level 5:colcon.colcon_core.verb:set package 'arduino_blink' build argument 'catkin_cmake_args' from command line to 'None'
[0.208s] Level 5:colcon.colcon_core.verb:set package 'arduino_blink' build argument 'catkin_skip_building_tests' from command line to 'False'
[0.208s] DEBUG:colcon.colcon_core.verb:Building package 'arduino_blink' with the following arguments: {'ament_cmake_args': None, 'build_base': '/run/media/rafi/Technical/Github/ws_ros2_control_blink/build/arduino_blink', 'catkin_cmake_args': None, 'catkin_skip_building_tests': False, 'cmake_args': None, 'cmake_clean_cache': False, 'cmake_clean_first': False, 'cmake_force_configure': False, 'cmake_target': None, 'cmake_target_skip_unavailable': False, 'install_base': '/run/media/rafi/Technical/Github/ws_ros2_control_blink/install/arduino_blink', 'merge_install': False, 'path': '/run/media/rafi/Technical/Github/ws_ros2_control_blink/src/arduino_blink', 'symlink_install': False, 'test_result_base': None}
[0.208s] INFO:colcon.colcon_core.executor:Executing jobs using 'parallel' executor
[0.209s] DEBUG:colcon.colcon_parallel_executor.executor.parallel:run_until_complete
[0.209s] INFO:colcon.colcon_ros.task.catkin.build:Building ROS package in '/run/media/rafi/Technical/Github/ws_ros2_control_blink/src/serial' with build type 'catkin'
[0.209s] INFO:colcon.colcon_cmake.task.cmake.build:Building CMake package in '/run/media/rafi/Technical/Github/ws_ros2_control_blink/src/serial'
[0.211s] INFO:colcon.colcon_core.plugin_system:Skipping extension 'colcon_core.shell.bat': Not used on non-Windows systems
[0.211s] INFO:colcon.colcon_core.shell:Skip shell extension 'powershell' for command environment: Not usable outside of PowerShell
[0.211s] DEBUG:colcon.colcon_core.shell:Skip shell extension 'dsv' for command environment
[0.247s] DEBUG:colcon.colcon_core.event_handler.log_command:Invoking command in '/run/media/rafi/Technical/Github/ws_ros2_control_blink/build/serial': PS1=[\u@\h \W]\$ /usr/bin/cmake /run/media/rafi/Technical/Github/ws_ros2_control_blink/src/serial -DCATKIN_INSTALL_INTO_PREFIX_ROOT=0 -DCMAKE_INSTALL_PREFIX=/run/media/rafi/Technical/Github/ws_ros2_control_blink/install/serial
[1.217s] DEBUG:colcon.colcon_core.event_handler.log_command:Invoked command in '/run/media/rafi/Technical/Github/ws_ros2_control_blink/build/serial' returned '1': PS1=[\u@\h \W]\$ /usr/bin/cmake /run/media/rafi/Technical/Github/ws_ros2_control_blink/src/serial -DCATKIN_INSTALL_INTO_PREFIX_ROOT=0 -DCMAKE_INSTALL_PREFIX=/run/media/rafi/Technical/Github/ws_ros2_control_blink/install/serial
[1.231s] Level 1:colcon.colcon_core.environment:create_environment_scripts_only(serial)
[1.235s] Level 1:colcon.colcon_core.environment:checking '/run/media/rafi/Technical/Github/ws_ros2_control_blink/install/serial' for CMake module files
[1.235s] Level 1:colcon.colcon_core.environment:checking '/run/media/rafi/Technical/Github/ws_ros2_control_blink/install/serial' for CMake config files
[1.236s] Level 1:colcon.colcon_core.environment:checking '/run/media/rafi/Technical/Github/ws_ros2_control_blink/install/serial/bin'
[1.236s] Level 1:colcon.colcon_core.environment:checking '/run/media/rafi/Technical/Github/ws_ros2_control_blink/install/serial/lib/pkgconfig/serial.pc'
[1.237s] Level 1:colcon.colcon_core.environment:checking '/run/media/rafi/Technical/Github/ws_ros2_control_blink/install/serial/lib/python3.10/site-packages'
[1.237s] Level 1:colcon.colcon_core.environment:checking '/run/media/rafi/Technical/Github/ws_ros2_control_blink/install/serial/bin'
[1.237s] INFO:colcon.colcon_core.shell:Creating package script '/run/media/rafi/Technical/Github/ws_ros2_control_blink/install/serial/share/serial/package.ps1'
[1.238s] INFO:colcon.colcon_core.shell:Creating package descriptor '/run/media/rafi/Technical/Github/ws_ros2_control_blink/install/serial/share/serial/package.dsv'
[1.239s] INFO:colcon.colcon_core.shell:Creating package script '/run/media/rafi/Technical/Github/ws_ros2_control_blink/install/serial/share/serial/package.sh'
[1.239s] INFO:colcon.colcon_core.shell:Creating package script '/run/media/rafi/Technical/Github/ws_ros2_control_blink/install/serial/share/serial/package.bash'
[1.240s] INFO:colcon.colcon_core.shell:Creating package script '/run/media/rafi/Technical/Github/ws_ros2_control_blink/install/serial/share/serial/package.zsh'
[1.240s] Level 1:colcon.colcon_core.environment:create_file_with_runtime_dependencies(/run/media/rafi/Technical/Github/ws_ros2_control_blink/install/serial/share/colcon-core/packages/serial)
[1.251s] DEBUG:colcon.colcon_parallel_executor.executor.parallel:closing loop
[1.251s] DEBUG:colcon.colcon_parallel_executor.executor.parallel:loop closed
[1.251s] DEBUG:colcon.colcon_parallel_executor.executor.parallel:run_until_complete finished with '1'
[1.251s] DEBUG:colcon.colcon_core.event_reactor:joining thread
[1.255s] INFO:colcon.colcon_core.plugin_system:Skipping extension 'colcon_notification.desktop_notification.notify_send': Could not find 'notify-send'
[1.255s] INFO:colcon.colcon_core.plugin_system:Skipping extension 'colcon_notification.desktop_notification.terminal_notifier': Not used on non-Darwin systems
[1.255s] INFO:colcon.colcon_core.plugin_system:Skipping extension 'colcon_notification.desktop_notification.win32': Not used on non-Windows systems
[1.255s] INFO:colcon.colcon_notification.desktop_notification:Sending desktop notification using 'notify2'
[1.264s] DEBUG:colcon.colcon_core.event_reactor:joined thread
[1.265s] INFO:colcon.colcon_core.shell:Creating prefix script '/run/media/rafi/Technical/Github/ws_ros2_control_blink/install/local_setup.ps1'
[1.266s] INFO:colcon.colcon_core.shell:Creating prefix util module '/run/media/rafi/Technical/Github/ws_ros2_control_blink/install/_local_setup_util_ps1.py'
[1.267s] INFO:colcon.colcon_core.shell:Creating prefix chain script '/run/media/rafi/Technical/Github/ws_ros2_control_blink/install/setup.ps1'
[1.267s] INFO:colcon.colcon_core.shell:Creating prefix script '/run/media/rafi/Technical/Github/ws_ros2_control_blink/install/local_setup.sh'
[1.268s] INFO:colcon.colcon_core.shell:Creating prefix util module '/run/media/rafi/Technical/Github/ws_ros2_control_blink/install/_local_setup_util_sh.py'
[1.268s] INFO:colcon.colcon_core.shell:Creating prefix chain script '/run/media/rafi/Technical/Github/ws_ros2_control_blink/install/setup.sh'
[1.269s] INFO:colcon.colcon_core.shell:Creating prefix script '/run/media/rafi/Technical/Github/ws_ros2_control_blink/install/local_setup.bash'
[1.269s] INFO:colcon.colcon_core.shell:Creating prefix chain script '/run/media/rafi/Technical/Github/ws_ros2_control_blink/install/setup.bash'
[1.270s] INFO:colcon.colcon_core.shell:Creating prefix script '/run/media/rafi/Technical/Github/ws_ros2_control_blink/install/local_setup.zsh'
[1.270s] INFO:colcon.colcon_core.shell:Creating prefix chain script '/run/media/rafi/Technical/Github/ws_ros2_control_blink/install/setup.zsh'
