[0.005s] Invoking command in '/run/media/rafi/Technical/Github/ws_ros2_control_blink/build/arduino_blink': CMAKE_PREFIX_PATH=/opt/ros/humble:/run/media/rafi/Technical/Github/ws_ros2_control_blink/install/serial PKG_CONFIG_PATH=/run/media/rafi/Technical/Github/ws_ros2_control_blink/install/serial/lib/x86_64-linux-gnu/pkgconfig:/run/media/rafi/Technical/Github/ws_ros2_control_blink/install/serial/lib/pkgconfig PS1=[\u@\h \W]\$ ROS_PACKAGE_PATH=/run/media/rafi/Technical/Github/ws_ros2_control_blink/install/serial/share /usr/bin/cmake --build /run/media/rafi/Technical/Github/ws_ros2_control_blink/build/arduino_blink -- -j12 -l12
[0.023s] -- Found ament_cmake: 1.3.11 (/opt/ros/humble/share/ament_cmake/cmake)
[0.119s] -- Found hardware_interface: 2.51.0 (/opt/ros/humble/share/hardware_interface/cmake)
[0.141s] -- Found rosidl_generator_c: 3.1.6 (/opt/ros/humble/share/rosidl_generator_c/cmake)
[0.143s] -- Found rosidl_adapter: 3.1.6 (/opt/ros/humble/share/rosidl_adapter/cmake)
[0.148s] -- Found rosidl_generator_cpp: 3.1.6 (/opt/ros/humble/share/rosidl_generator_cpp/cmake)
[0.156s] -- Using all available rosidl_typesupport_c: rosidl_typesupport_fastrtps_c;rosidl_typesupport_introspection_c
[0.166s] -- Using all available rosidl_typesupport_cpp: rosidl_typesupport_fastrtps_cpp;rosidl_typesupport_introspection_cpp
[0.315s] -- Found rmw_implementation_cmake: 6.1.2 (/opt/ros/humble/share/rmw_implementation_cmake/cmake)
[0.316s] -- Found rmw_fastrtps_cpp: 6.2.7 (/opt/ros/humble/share/rmw_fastrtps_cpp/cmake)
[0.334s] -- Found TinyXML2 via Config file: TinyXML2_DIR-NOTFOUND
[0.342s] -- Found TinyXML2 via Config file: TinyXML2_DIR-NOTFOUND
[0.359s] -- Found TinyXML2 via Config file: TinyXML2_DIR-NOTFOUND
[0.365s] -- Found TinyXML2 via Config file: TinyXML2_DIR-NOTFOUND
[0.373s] -- Using RMW implementation 'rmw_fastrtps_cpp' as default
[0.412s] -- Found rclcpp_components: 16.0.12 (/opt/ros/humble/share/rclcpp_components/cmake)
[0.426s] -- Found serial: 1.2.1 (/run/media/rafi/Technical/Github/ws_ros2_control_blink/install/serial/share/serial/cmake)
[0.433s] -- Found ament_lint_auto: 0.12.12 (/opt/ros/humble/share/ament_lint_auto/cmake)
[0.488s] -- Configuring done
[0.507s] -- Generating done
[0.511s] -- Build files have been written to: /run/media/rafi/Technical/Github/ws_ros2_control_blink/build/arduino_blink
[0.529s] [35m[1mConsolidate compiler generated dependencies of target arduino_blink[0m
[0.542s] [100%] Built target arduino_blink
[0.549s] Invoked command in '/run/media/rafi/Technical/Github/ws_ros2_control_blink/build/arduino_blink' returned '0': CMAKE_PREFIX_PATH=/opt/ros/humble:/run/media/rafi/Technical/Github/ws_ros2_control_blink/install/serial PKG_CONFIG_PATH=/run/media/rafi/Technical/Github/ws_ros2_control_blink/install/serial/lib/x86_64-linux-gnu/pkgconfig:/run/media/rafi/Technical/Github/ws_ros2_control_blink/install/serial/lib/pkgconfig PS1=[\u@\h \W]\$ ROS_PACKAGE_PATH=/run/media/rafi/Technical/Github/ws_ros2_control_blink/install/serial/share /usr/bin/cmake --build /run/media/rafi/Technical/Github/ws_ros2_control_blink/build/arduino_blink -- -j12 -l12
[0.550s] Invoking command in '/run/media/rafi/Technical/Github/ws_ros2_control_blink/build/arduino_blink': CMAKE_PREFIX_PATH=/opt/ros/humble:/run/media/rafi/Technical/Github/ws_ros2_control_blink/install/serial PKG_CONFIG_PATH=/run/media/rafi/Technical/Github/ws_ros2_control_blink/install/serial/lib/x86_64-linux-gnu/pkgconfig:/run/media/rafi/Technical/Github/ws_ros2_control_blink/install/serial/lib/pkgconfig PS1=[\u@\h \W]\$ ROS_PACKAGE_PATH=/run/media/rafi/Technical/Github/ws_ros2_control_blink/install/serial/share /usr/bin/cmake --install /run/media/rafi/Technical/Github/ws_ros2_control_blink/build/arduino_blink
[0.555s] -- Install configuration: ""
[0.555s] [31mCMake Error at cmake_install.cmake:46 (file):
[0.555s]   file INSTALL cannot find "/plugins/arduino_hardware.xml": No such file or
[0.555s]   directory.
[0.555s] 
[0.555s] [0m
[0.556s] Invoked command in '/run/media/rafi/Technical/Github/ws_ros2_control_blink/build/arduino_blink' returned '1': CMAKE_PREFIX_PATH=/opt/ros/humble:/run/media/rafi/Technical/Github/ws_ros2_control_blink/install/serial PKG_CONFIG_PATH=/run/media/rafi/Technical/Github/ws_ros2_control_blink/install/serial/lib/x86_64-linux-gnu/pkgconfig:/run/media/rafi/Technical/Github/ws_ros2_control_blink/install/serial/lib/pkgconfig PS1=[\u@\h \W]\$ ROS_PACKAGE_PATH=/run/media/rafi/Technical/Github/ws_ros2_control_blink/install/serial/share /usr/bin/cmake --install /run/media/rafi/Technical/Github/ws_ros2_control_blink/build/arduino_blink
