[0.000000] (-) TimerEvent: {}
[0.000215] (serial) JobQueued: {'identifier': 'serial', 'dependencies': OrderedDict()}
[0.000423] (arduino_blink) JobQueued: {'identifier': 'arduino_blink', 'dependencies': OrderedDict([('serial', '/run/media/rafi/Technical/Github/ws_ros2_control_blink/install/serial')])}
[0.000617] (serial) JobStarted: {'identifier': 'serial'}
[0.005551] (serial) JobProgress: {'identifier': 'serial', 'progress': 'cmake'}
[0.005894] (serial) JobProgress: {'identifier': 'serial', 'progress': 'build'}
[0.006375] (serial) Command: {'cmd': ['/usr/bin/cmake', '--build', '/run/media/rafi/Technical/Github/ws_ros2_control_blink/build/serial', '--', '-j12', '-l12'], 'cwd': '/run/media/rafi/Technical/Github/ws_ros2_control_blink/build/serial', 'env': OrderedDict([('PROFILEHOME', ''), ('MAIL', '/var/spool/mail/rafi'), ('LANGUAGE', ''), ('USER', 'rafi'), ('HOSTNAME', 'archlinux'), ('XDG_SESSION_TYPE', 'wayland'), ('KONSOLE_VERSION', '250403'), ('XDG_CACHE_HOME', '/home/rafi/.cache'), ('SHLVL', '4'), ('LD_LIBRARY_PATH', '/opt/ros/humble/opt/rviz_ogre_vendor/lib:/opt/ros/humble/lib/x86_64-linux-gnu:/opt/ros/humble/lib'), ('MOTD_SHOWN', 'pam'), ('HOME', '/home/rafi'), ('CONDA_SHLVL', '0'), ('OLDPWD', '/home/rafi'), ('DESKTOP_SESSION', 'gnome'), ('ROS_PYTHON_VERSION', '3'), ('PS1', '[\\u@\\h \\W]\\$'), ('KONSOLE_DBUS_SESSION', '/Sessions/1'), ('MANAGERPID', '1882'), ('DISTROBOX_ENTER_PATH', '/usr/bin/distrobox-enter'), ('SYSTEMD_EXEC_PID', '2110'), ('XDG_STATE_HOME', '/home/rafi/.local/state'), ('DBUS_SESSION_BUS_ADDRESS', 'unix:path=/run/user/1000/bus'), ('COLORTERM', 'truecolor'), ('_CE_M', ''), ('container', 'sudo docker'), ('GIO_LAUNCHED_DESKTOP_FILE_PID', '4625'), ('KONSOLE_DBUS_WINDOW', '/Windows/1'), ('GNOME_KEYRING_CONTROL', '/run/user/1000/keyring'), ('WAYLAND_DISPLAY', 'wayland-0'), ('ROS_DISTRO', 'humble'), ('LOGNAME', 'rafi'), ('WINDOWID', '103982547459408'), ('JOURNAL_STREAM', '9:18554'), ('_', '/usr/bin/colcon'), ('ROS_VERSION', '2'), ('MEMORY_PRESSURE_WATCH', '/sys/fs/cgroup/user.slice/user-1000.slice/user@1000.service/session.slice/org.gnome.SettingsDaemon.MediaKeys.service/memory.pressure'), ('XDG_SESSION_CLASS', 'user'), ('COLORFGBG', '15;0'), ('TERMINFO_DIRS', '/usr/share/terminfo:/run/host/usr/share/terminfo'), ('USERNAME', 'rafi'), ('TERM', 'xterm-256color'), ('_CE_CONDA', ''), ('ROS_LOCALHOST_ONLY', '0'), ('PATH', '/opt/ros/humble/bin:/home/rafi/anaconda3/condabin:/usr/local/bin:/usr/bin:/usr/local/sbin:/usr/bin/site_perl:/usr/bin/vendor_perl:/usr/bin/core_perl:/usr/local/sbin:/usr/local/bin:/usr/sbin:/usr/bin:/sbin:/bin:/usr/sbin:/sbin:/bin'), ('SESSION_MANAGER', 'local/archlinux:@/tmp/.ICE-unix/1957,unix/archlinux:/tmp/.ICE-unix/1957'), ('GDM_LANG', 'en_US.UTF-8'), ('INVOCATION_ID', 'a0951426a69d4809aef578d198f01e9d'), ('XDG_MENU_PREFIX', 'gnome-'), ('GNOME_SETUP_DISPLAY', ':1'), ('XDG_RUNTIME_DIR', '/run/user/1000'), ('MAMBA_ROOT_PREFIX', '/home/rafi/miniforge3'), ('DISPLAY', ':0'), ('LANG', 'en_US.UTF-8'), ('XDG_CURRENT_DESKTOP', 'GNOME'), ('XDG_DATA_HOME', '/home/rafi/.local/share'), ('XDG_CONFIG_HOME', '/home/rafi/.config'), ('XDG_SESSION_DESKTOP', 'gnome'), ('XAUTHORITY', '/run/user/1000/.mutter-Xwaylandauth.JDBW82'), ('AMENT_PREFIX_PATH', '/opt/ros/humble'), ('CONDA_PYTHON_EXE', '/home/rafi/anaconda3/bin/python'), ('SHELL', '/usr/bin/bash'), ('GDMSESSION', 'gnome'), ('KONSOLE_DBUS_SERVICE', ':1.126'), ('MAMBA_EXE', '/home/rafi/miniforge3/bin/mamba'), ('PWD', '/run/media/rafi/Technical/Github/ws_ros2_control_blink/build/serial'), ('CONTAINER_ID', 'ubuntu22'), ('XDG_CONFIG_DIRS', '/etc/xdg'), ('CONDA_EXE', '/home/rafi/anaconda3/bin/conda'), ('XDG_DATA_DIRS', '/home/rafi/.local/share/flatpak/exports/share:/var/lib/flatpak/exports/share:/usr/local/share/:/usr/share/:/usr/local/share:/usr/share'), ('PYTHONPATH', '/opt/ros/humble/lib/python3.10/site-packages:/opt/ros/humble/local/lib/python3.10/dist-packages'), ('COLCON', '1'), ('MEMORY_PRESSURE_WRITE', 'c29tZSAyMDAwMDAgMjAwMDAwMAA=')]), 'shell': False}
[0.043761] (serial) StdoutLine: {'line': b'[100%] Built target serial\n'}
[0.051502] (serial) CommandEnded: {'returncode': 0}
[0.052235] (serial) JobProgress: {'identifier': 'serial', 'progress': 'install'}
[0.058355] (serial) Command: {'cmd': ['/usr/bin/cmake', '--install', '/run/media/rafi/Technical/Github/ws_ros2_control_blink/build/serial'], 'cwd': '/run/media/rafi/Technical/Github/ws_ros2_control_blink/build/serial', 'env': OrderedDict([('PROFILEHOME', ''), ('MAIL', '/var/spool/mail/rafi'), ('LANGUAGE', ''), ('USER', 'rafi'), ('HOSTNAME', 'archlinux'), ('XDG_SESSION_TYPE', 'wayland'), ('KONSOLE_VERSION', '250403'), ('XDG_CACHE_HOME', '/home/rafi/.cache'), ('SHLVL', '4'), ('LD_LIBRARY_PATH', '/opt/ros/humble/opt/rviz_ogre_vendor/lib:/opt/ros/humble/lib/x86_64-linux-gnu:/opt/ros/humble/lib'), ('MOTD_SHOWN', 'pam'), ('HOME', '/home/rafi'), ('CONDA_SHLVL', '0'), ('OLDPWD', '/home/rafi'), ('DESKTOP_SESSION', 'gnome'), ('ROS_PYTHON_VERSION', '3'), ('PS1', '[\\u@\\h \\W]\\$'), ('KONSOLE_DBUS_SESSION', '/Sessions/1'), ('MANAGERPID', '1882'), ('DISTROBOX_ENTER_PATH', '/usr/bin/distrobox-enter'), ('SYSTEMD_EXEC_PID', '2110'), ('XDG_STATE_HOME', '/home/rafi/.local/state'), ('DBUS_SESSION_BUS_ADDRESS', 'unix:path=/run/user/1000/bus'), ('COLORTERM', 'truecolor'), ('_CE_M', ''), ('container', 'sudo docker'), ('GIO_LAUNCHED_DESKTOP_FILE_PID', '4625'), ('KONSOLE_DBUS_WINDOW', '/Windows/1'), ('GNOME_KEYRING_CONTROL', '/run/user/1000/keyring'), ('WAYLAND_DISPLAY', 'wayland-0'), ('ROS_DISTRO', 'humble'), ('LOGNAME', 'rafi'), ('WINDOWID', '103982547459408'), ('JOURNAL_STREAM', '9:18554'), ('_', '/usr/bin/colcon'), ('ROS_VERSION', '2'), ('MEMORY_PRESSURE_WATCH', '/sys/fs/cgroup/user.slice/user-1000.slice/user@1000.service/session.slice/org.gnome.SettingsDaemon.MediaKeys.service/memory.pressure'), ('XDG_SESSION_CLASS', 'user'), ('COLORFGBG', '15;0'), ('TERMINFO_DIRS', '/usr/share/terminfo:/run/host/usr/share/terminfo'), ('USERNAME', 'rafi'), ('TERM', 'xterm-256color'), ('_CE_CONDA', ''), ('ROS_LOCALHOST_ONLY', '0'), ('PATH', '/opt/ros/humble/bin:/home/rafi/anaconda3/condabin:/usr/local/bin:/usr/bin:/usr/local/sbin:/usr/bin/site_perl:/usr/bin/vendor_perl:/usr/bin/core_perl:/usr/local/sbin:/usr/local/bin:/usr/sbin:/usr/bin:/sbin:/bin:/usr/sbin:/sbin:/bin'), ('SESSION_MANAGER', 'local/archlinux:@/tmp/.ICE-unix/1957,unix/archlinux:/tmp/.ICE-unix/1957'), ('GDM_LANG', 'en_US.UTF-8'), ('INVOCATION_ID', 'a0951426a69d4809aef578d198f01e9d'), ('XDG_MENU_PREFIX', 'gnome-'), ('GNOME_SETUP_DISPLAY', ':1'), ('XDG_RUNTIME_DIR', '/run/user/1000'), ('MAMBA_ROOT_PREFIX', '/home/rafi/miniforge3'), ('DISPLAY', ':0'), ('LANG', 'en_US.UTF-8'), ('XDG_CURRENT_DESKTOP', 'GNOME'), ('XDG_DATA_HOME', '/home/rafi/.local/share'), ('XDG_CONFIG_HOME', '/home/rafi/.config'), ('XDG_SESSION_DESKTOP', 'gnome'), ('XAUTHORITY', '/run/user/1000/.mutter-Xwaylandauth.JDBW82'), ('AMENT_PREFIX_PATH', '/opt/ros/humble'), ('CONDA_PYTHON_EXE', '/home/rafi/anaconda3/bin/python'), ('SHELL', '/usr/bin/bash'), ('GDMSESSION', 'gnome'), ('KONSOLE_DBUS_SERVICE', ':1.126'), ('MAMBA_EXE', '/home/rafi/miniforge3/bin/mamba'), ('PWD', '/run/media/rafi/Technical/Github/ws_ros2_control_blink/build/serial'), ('CONTAINER_ID', 'ubuntu22'), ('XDG_CONFIG_DIRS', '/etc/xdg'), ('CONDA_EXE', '/home/rafi/anaconda3/bin/conda'), ('XDG_DATA_DIRS', '/home/rafi/.local/share/flatpak/exports/share:/var/lib/flatpak/exports/share:/usr/local/share/:/usr/share/:/usr/local/share:/usr/share'), ('PYTHONPATH', '/opt/ros/humble/lib/python3.10/site-packages:/opt/ros/humble/local/lib/python3.10/dist-packages'), ('COLCON', '1'), ('MEMORY_PRESSURE_WRITE', 'c29tZSAyMDAwMDAgMjAwMDAwMAA=')]), 'shell': False}
[0.063324] (serial) StdoutLine: {'line': b'-- Install configuration: ""\n'}
[0.063548] (serial) StdoutLine: {'line': b'-- Up-to-date: /run/media/rafi/Technical/Github/ws_ros2_control_blink/install/serial/share/serial/environment/library_path.sh\n'}
[0.063627] (serial) StdoutLine: {'line': b'-- Up-to-date: /run/media/rafi/Technical/Github/ws_ros2_control_blink/install/serial/share/serial/environment/library_path.dsv\n'}
[0.063686] (serial) StdoutLine: {'line': b'-- Up-to-date: /run/media/rafi/Technical/Github/ws_ros2_control_blink/install/serial/lib/libserial.a\n'}
[0.063793] (serial) StdoutLine: {'line': b'-- Up-to-date: /run/media/rafi/Technical/Github/ws_ros2_control_blink/install/serial/include/serial/serial.h\n'}
[0.063850] (serial) StdoutLine: {'line': b'-- Up-to-date: /run/media/rafi/Technical/Github/ws_ros2_control_blink/install/serial/include/serial/v8stdint.h\n'}
[0.063933] (serial) StdoutLine: {'line': b'-- Up-to-date: /run/media/rafi/Technical/Github/ws_ros2_control_blink/install/serial/share/ament_index/resource_index/package_run_dependencies/serial\n'}
[0.063989] (serial) StdoutLine: {'line': b'-- Up-to-date: /run/media/rafi/Technical/Github/ws_ros2_control_blink/install/serial/share/ament_index/resource_index/parent_prefix_path/serial\n'}
[0.064043] (serial) StdoutLine: {'line': b'-- Up-to-date: /run/media/rafi/Technical/Github/ws_ros2_control_blink/install/serial/share/serial/environment/ament_prefix_path.sh\n'}
[0.064096] (serial) StdoutLine: {'line': b'-- Up-to-date: /run/media/rafi/Technical/Github/ws_ros2_control_blink/install/serial/share/serial/environment/ament_prefix_path.dsv\n'}
[0.064149] (serial) StdoutLine: {'line': b'-- Up-to-date: /run/media/rafi/Technical/Github/ws_ros2_control_blink/install/serial/share/serial/environment/path.sh\n'}
[0.064201] (serial) StdoutLine: {'line': b'-- Up-to-date: /run/media/rafi/Technical/Github/ws_ros2_control_blink/install/serial/share/serial/environment/path.dsv\n'}
[0.064254] (serial) StdoutLine: {'line': b'-- Up-to-date: /run/media/rafi/Technical/Github/ws_ros2_control_blink/install/serial/share/serial/local_setup.bash\n'}
[0.064306] (serial) StdoutLine: {'line': b'-- Up-to-date: /run/media/rafi/Technical/Github/ws_ros2_control_blink/install/serial/share/serial/local_setup.sh\n'}
[0.064359] (serial) StdoutLine: {'line': b'-- Up-to-date: /run/media/rafi/Technical/Github/ws_ros2_control_blink/install/serial/share/serial/local_setup.zsh\n'}
[0.064411] (serial) StdoutLine: {'line': b'-- Up-to-date: /run/media/rafi/Technical/Github/ws_ros2_control_blink/install/serial/share/serial/local_setup.dsv\n'}
[0.064464] (serial) StdoutLine: {'line': b'-- Installing: /run/media/rafi/Technical/Github/ws_ros2_control_blink/install/serial/share/serial/package.dsv\n'}
[0.064516] (serial) StdoutLine: {'line': b'-- Up-to-date: /run/media/rafi/Technical/Github/ws_ros2_control_blink/install/serial/share/ament_index/resource_index/packages/serial\n'}
[0.064591] (serial) StdoutLine: {'line': b'-- Up-to-date: /run/media/rafi/Technical/Github/ws_ros2_control_blink/install/serial/share/serial/cmake/ament_cmake_export_include_directories-extras.cmake\n'}
[0.064772] (serial) StdoutLine: {'line': b'-- Up-to-date: /run/media/rafi/Technical/Github/ws_ros2_control_blink/install/serial/share/serial/cmake/ament_cmake_export_libraries-extras.cmake\n'}
[0.064828] (serial) StdoutLine: {'line': b'-- Up-to-date: /run/media/rafi/Technical/Github/ws_ros2_control_blink/install/serial/share/serial/cmake/serialConfig.cmake\n'}
[0.064878] (serial) StdoutLine: {'line': b'-- Up-to-date: /run/media/rafi/Technical/Github/ws_ros2_control_blink/install/serial/share/serial/cmake/serialConfig-version.cmake\n'}
[0.064929] (serial) StdoutLine: {'line': b'-- Up-to-date: /run/media/rafi/Technical/Github/ws_ros2_control_blink/install/serial/share/serial/package.xml\n'}
[0.065315] (serial) CommandEnded: {'returncode': 0}
[0.078173] (serial) JobEnded: {'identifier': 'serial', 'rc': 0}
[0.078772] (arduino_blink) JobStarted: {'identifier': 'arduino_blink'}
[0.082347] (arduino_blink) JobProgress: {'identifier': 'arduino_blink', 'progress': 'cmake'}
[0.082768] (arduino_blink) JobProgress: {'identifier': 'arduino_blink', 'progress': 'build'}
[0.083077] (arduino_blink) Command: {'cmd': ['/usr/bin/cmake', '--build', '/run/media/rafi/Technical/Github/ws_ros2_control_blink/build/arduino_blink', '--', '-j12', '-l12'], 'cwd': '/run/media/rafi/Technical/Github/ws_ros2_control_blink/build/arduino_blink', 'env': OrderedDict([('PROFILEHOME', ''), ('MAIL', '/var/spool/mail/rafi'), ('LANGUAGE', ''), ('USER', 'rafi'), ('HOSTNAME', 'archlinux'), ('XDG_SESSION_TYPE', 'wayland'), ('ROS_PACKAGE_PATH', '/run/media/rafi/Technical/Github/ws_ros2_control_blink/install/serial/share'), ('KONSOLE_VERSION', '250403'), ('XDG_CACHE_HOME', '/home/rafi/.cache'), ('SHLVL', '4'), ('LD_LIBRARY_PATH', '/opt/ros/humble/opt/rviz_ogre_vendor/lib:/opt/ros/humble/lib/x86_64-linux-gnu:/opt/ros/humble/lib'), ('MOTD_SHOWN', 'pam'), ('HOME', '/home/rafi'), ('CONDA_SHLVL', '0'), ('OLDPWD', '/home/rafi'), ('DESKTOP_SESSION', 'gnome'), ('ROS_PYTHON_VERSION', '3'), ('PS1', '[\\u@\\h \\W]\\$'), ('KONSOLE_DBUS_SESSION', '/Sessions/1'), ('MANAGERPID', '1882'), ('DISTROBOX_ENTER_PATH', '/usr/bin/distrobox-enter'), ('SYSTEMD_EXEC_PID', '2110'), ('XDG_STATE_HOME', '/home/rafi/.local/state'), ('DBUS_SESSION_BUS_ADDRESS', 'unix:path=/run/user/1000/bus'), ('COLORTERM', 'truecolor'), ('_CE_M', ''), ('container', 'sudo docker'), ('GIO_LAUNCHED_DESKTOP_FILE_PID', '4625'), ('KONSOLE_DBUS_WINDOW', '/Windows/1'), ('GNOME_KEYRING_CONTROL', '/run/user/1000/keyring'), ('WAYLAND_DISPLAY', 'wayland-0'), ('ROS_DISTRO', 'humble'), ('LOGNAME', 'rafi'), ('WINDOWID', '103982547459408'), ('JOURNAL_STREAM', '9:18554'), ('_', '/usr/bin/colcon'), ('ROS_VERSION', '2'), ('MEMORY_PRESSURE_WATCH', '/sys/fs/cgroup/user.slice/user-1000.slice/user@1000.service/session.slice/org.gnome.SettingsDaemon.MediaKeys.service/memory.pressure'), ('XDG_SESSION_CLASS', 'user'), ('COLORFGBG', '15;0'), ('TERMINFO_DIRS', '/usr/share/terminfo:/run/host/usr/share/terminfo'), ('PKG_CONFIG_PATH', '/run/media/rafi/Technical/Github/ws_ros2_control_blink/install/serial/lib/x86_64-linux-gnu/pkgconfig:/run/media/rafi/Technical/Github/ws_ros2_control_blink/install/serial/lib/pkgconfig'), ('USERNAME', 'rafi'), ('TERM', 'xterm-256color'), ('_CE_CONDA', ''), ('ROS_LOCALHOST_ONLY', '0'), ('PATH', '/opt/ros/humble/bin:/home/rafi/anaconda3/condabin:/usr/local/bin:/usr/bin:/usr/local/sbin:/usr/bin/site_perl:/usr/bin/vendor_perl:/usr/bin/core_perl:/usr/local/sbin:/usr/local/bin:/usr/sbin:/usr/bin:/sbin:/bin:/usr/sbin:/sbin:/bin'), ('SESSION_MANAGER', 'local/archlinux:@/tmp/.ICE-unix/1957,unix/archlinux:/tmp/.ICE-unix/1957'), ('GDM_LANG', 'en_US.UTF-8'), ('INVOCATION_ID', 'a0951426a69d4809aef578d198f01e9d'), ('XDG_MENU_PREFIX', 'gnome-'), ('GNOME_SETUP_DISPLAY', ':1'), ('XDG_RUNTIME_DIR', '/run/user/1000'), ('MAMBA_ROOT_PREFIX', '/home/rafi/miniforge3'), ('DISPLAY', ':0'), ('LANG', 'en_US.UTF-8'), ('XDG_CURRENT_DESKTOP', 'GNOME'), ('XDG_DATA_HOME', '/home/rafi/.local/share'), ('XDG_CONFIG_HOME', '/home/rafi/.config'), ('XDG_SESSION_DESKTOP', 'gnome'), ('XAUTHORITY', '/run/user/1000/.mutter-Xwaylandauth.JDBW82'), ('AMENT_PREFIX_PATH', '/opt/ros/humble'), ('CONDA_PYTHON_EXE', '/home/rafi/anaconda3/bin/python'), ('SHELL', '/usr/bin/bash'), ('GDMSESSION', 'gnome'), ('KONSOLE_DBUS_SERVICE', ':1.126'), ('MAMBA_EXE', '/home/rafi/miniforge3/bin/mamba'), ('PWD', '/run/media/rafi/Technical/Github/ws_ros2_control_blink/build/arduino_blink'), ('CONTAINER_ID', 'ubuntu22'), ('XDG_CONFIG_DIRS', '/etc/xdg'), ('CONDA_EXE', '/home/rafi/anaconda3/bin/conda'), ('XDG_DATA_DIRS', '/home/rafi/.local/share/flatpak/exports/share:/var/lib/flatpak/exports/share:/usr/local/share/:/usr/share/:/usr/local/share:/usr/share'), ('PYTHONPATH', '/opt/ros/humble/lib/python3.10/site-packages:/opt/ros/humble/local/lib/python3.10/dist-packages'), ('COLCON', '1'), ('MEMORY_PRESSURE_WRITE', 'c29tZSAyMDAwMDAgMjAwMDAwMAA='), ('CMAKE_PREFIX_PATH', '/opt/ros/humble:/run/media/rafi/Technical/Github/ws_ros2_control_blink/install/serial')]), 'shell': False}
[0.099909] (-) TimerEvent: {}
[0.101520] (arduino_blink) StdoutLine: {'line': b'-- Found ament_cmake: 1.3.11 (/opt/ros/humble/share/ament_cmake/cmake)\n'}
[0.195823] (arduino_blink) StdoutLine: {'line': b'-- Found hardware_interface: 2.51.0 (/opt/ros/humble/share/hardware_interface/cmake)\n'}
[0.200000] (-) TimerEvent: {}
[0.217850] (arduino_blink) StdoutLine: {'line': b'-- Found rosidl_generator_c: 3.1.6 (/opt/ros/humble/share/rosidl_generator_c/cmake)\n'}
[0.219834] (arduino_blink) StdoutLine: {'line': b'-- Found rosidl_adapter: 3.1.6 (/opt/ros/humble/share/rosidl_adapter/cmake)\n'}
[0.224510] (arduino_blink) StdoutLine: {'line': b'-- Found rosidl_generator_cpp: 3.1.6 (/opt/ros/humble/share/rosidl_generator_cpp/cmake)\n'}
[0.232387] (arduino_blink) StdoutLine: {'line': b'-- Using all available rosidl_typesupport_c: rosidl_typesupport_fastrtps_c;rosidl_typesupport_introspection_c\n'}
[0.242774] (arduino_blink) StdoutLine: {'line': b'-- Using all available rosidl_typesupport_cpp: rosidl_typesupport_fastrtps_cpp;rosidl_typesupport_introspection_cpp\n'}
[0.300116] (-) TimerEvent: {}
[0.387986] (arduino_blink) StdoutLine: {'line': b'-- Found rmw_implementation_cmake: 6.1.2 (/opt/ros/humble/share/rmw_implementation_cmake/cmake)\n'}
[0.389040] (arduino_blink) StdoutLine: {'line': b'-- Found rmw_fastrtps_cpp: 6.2.7 (/opt/ros/humble/share/rmw_fastrtps_cpp/cmake)\n'}
[0.400217] (-) TimerEvent: {}
[0.406462] (arduino_blink) StdoutLine: {'line': b'-- Found TinyXML2 via Config file: TinyXML2_DIR-NOTFOUND\n'}
[0.413311] (arduino_blink) StdoutLine: {'line': b'-- Found TinyXML2 via Config file: TinyXML2_DIR-NOTFOUND\n'}
[0.426312] (arduino_blink) StdoutLine: {'line': b'-- Found TinyXML2 via Config file: TinyXML2_DIR-NOTFOUND\n'}
[0.432625] (arduino_blink) StdoutLine: {'line': b'-- Found TinyXML2 via Config file: TinyXML2_DIR-NOTFOUND\n'}
[0.439348] (arduino_blink) StdoutLine: {'line': b"-- Using RMW implementation 'rmw_fastrtps_cpp' as default\n"}
[0.476628] (arduino_blink) StdoutLine: {'line': b'-- Found rclcpp_components: 16.0.12 (/opt/ros/humble/share/rclcpp_components/cmake)\n'}
[0.490343] (arduino_blink) StdoutLine: {'line': b'-- Found serial: 1.2.1 (/run/media/rafi/Technical/Github/ws_ros2_control_blink/install/serial/share/serial/cmake)\n'}
[0.496825] (arduino_blink) StdoutLine: {'line': b'-- Found ament_lint_auto: 0.12.12 (/opt/ros/humble/share/ament_lint_auto/cmake)\n'}
[0.500291] (-) TimerEvent: {}
[0.547107] (arduino_blink) StdoutLine: {'line': b'-- Configuring done\n'}
[0.564690] (arduino_blink) StdoutLine: {'line': b'-- Generating done\n'}
[0.568687] (arduino_blink) StdoutLine: {'line': b'-- Build files have been written to: /run/media/rafi/Technical/Github/ws_ros2_control_blink/build/arduino_blink\n'}
[0.586365] (arduino_blink) StdoutLine: {'line': b'\x1b[35m\x1b[1mConsolidate compiler generated dependencies of target arduino_blink\x1b[0m\n'}
[0.598353] (arduino_blink) StdoutLine: {'line': b'[100%] Built target arduino_blink\n'}
[0.600321] (-) TimerEvent: {}
[0.605865] (arduino_blink) CommandEnded: {'returncode': 0}
[0.606555] (arduino_blink) JobProgress: {'identifier': 'arduino_blink', 'progress': 'install'}
[0.606655] (arduino_blink) Command: {'cmd': ['/usr/bin/cmake', '--install', '/run/media/rafi/Technical/Github/ws_ros2_control_blink/build/arduino_blink'], 'cwd': '/run/media/rafi/Technical/Github/ws_ros2_control_blink/build/arduino_blink', 'env': OrderedDict([('PROFILEHOME', ''), ('MAIL', '/var/spool/mail/rafi'), ('LANGUAGE', ''), ('USER', 'rafi'), ('HOSTNAME', 'archlinux'), ('XDG_SESSION_TYPE', 'wayland'), ('ROS_PACKAGE_PATH', '/run/media/rafi/Technical/Github/ws_ros2_control_blink/install/serial/share'), ('KONSOLE_VERSION', '250403'), ('XDG_CACHE_HOME', '/home/rafi/.cache'), ('SHLVL', '4'), ('LD_LIBRARY_PATH', '/opt/ros/humble/opt/rviz_ogre_vendor/lib:/opt/ros/humble/lib/x86_64-linux-gnu:/opt/ros/humble/lib'), ('MOTD_SHOWN', 'pam'), ('HOME', '/home/rafi'), ('CONDA_SHLVL', '0'), ('OLDPWD', '/home/rafi'), ('DESKTOP_SESSION', 'gnome'), ('ROS_PYTHON_VERSION', '3'), ('PS1', '[\\u@\\h \\W]\\$'), ('KONSOLE_DBUS_SESSION', '/Sessions/1'), ('MANAGERPID', '1882'), ('DISTROBOX_ENTER_PATH', '/usr/bin/distrobox-enter'), ('SYSTEMD_EXEC_PID', '2110'), ('XDG_STATE_HOME', '/home/rafi/.local/state'), ('DBUS_SESSION_BUS_ADDRESS', 'unix:path=/run/user/1000/bus'), ('COLORTERM', 'truecolor'), ('_CE_M', ''), ('container', 'sudo docker'), ('GIO_LAUNCHED_DESKTOP_FILE_PID', '4625'), ('KONSOLE_DBUS_WINDOW', '/Windows/1'), ('GNOME_KEYRING_CONTROL', '/run/user/1000/keyring'), ('WAYLAND_DISPLAY', 'wayland-0'), ('ROS_DISTRO', 'humble'), ('LOGNAME', 'rafi'), ('WINDOWID', '103982547459408'), ('JOURNAL_STREAM', '9:18554'), ('_', '/usr/bin/colcon'), ('ROS_VERSION', '2'), ('MEMORY_PRESSURE_WATCH', '/sys/fs/cgroup/user.slice/user-1000.slice/user@1000.service/session.slice/org.gnome.SettingsDaemon.MediaKeys.service/memory.pressure'), ('XDG_SESSION_CLASS', 'user'), ('COLORFGBG', '15;0'), ('TERMINFO_DIRS', '/usr/share/terminfo:/run/host/usr/share/terminfo'), ('PKG_CONFIG_PATH', '/run/media/rafi/Technical/Github/ws_ros2_control_blink/install/serial/lib/x86_64-linux-gnu/pkgconfig:/run/media/rafi/Technical/Github/ws_ros2_control_blink/install/serial/lib/pkgconfig'), ('USERNAME', 'rafi'), ('TERM', 'xterm-256color'), ('_CE_CONDA', ''), ('ROS_LOCALHOST_ONLY', '0'), ('PATH', '/opt/ros/humble/bin:/home/rafi/anaconda3/condabin:/usr/local/bin:/usr/bin:/usr/local/sbin:/usr/bin/site_perl:/usr/bin/vendor_perl:/usr/bin/core_perl:/usr/local/sbin:/usr/local/bin:/usr/sbin:/usr/bin:/sbin:/bin:/usr/sbin:/sbin:/bin'), ('SESSION_MANAGER', 'local/archlinux:@/tmp/.ICE-unix/1957,unix/archlinux:/tmp/.ICE-unix/1957'), ('GDM_LANG', 'en_US.UTF-8'), ('INVOCATION_ID', 'a0951426a69d4809aef578d198f01e9d'), ('XDG_MENU_PREFIX', 'gnome-'), ('GNOME_SETUP_DISPLAY', ':1'), ('XDG_RUNTIME_DIR', '/run/user/1000'), ('MAMBA_ROOT_PREFIX', '/home/rafi/miniforge3'), ('DISPLAY', ':0'), ('LANG', 'en_US.UTF-8'), ('XDG_CURRENT_DESKTOP', 'GNOME'), ('XDG_DATA_HOME', '/home/rafi/.local/share'), ('XDG_CONFIG_HOME', '/home/rafi/.config'), ('XDG_SESSION_DESKTOP', 'gnome'), ('XAUTHORITY', '/run/user/1000/.mutter-Xwaylandauth.JDBW82'), ('AMENT_PREFIX_PATH', '/opt/ros/humble'), ('CONDA_PYTHON_EXE', '/home/rafi/anaconda3/bin/python'), ('SHELL', '/usr/bin/bash'), ('GDMSESSION', 'gnome'), ('KONSOLE_DBUS_SERVICE', ':1.126'), ('MAMBA_EXE', '/home/rafi/miniforge3/bin/mamba'), ('PWD', '/run/media/rafi/Technical/Github/ws_ros2_control_blink/build/arduino_blink'), ('CONTAINER_ID', 'ubuntu22'), ('XDG_CONFIG_DIRS', '/etc/xdg'), ('CONDA_EXE', '/home/rafi/anaconda3/bin/conda'), ('XDG_DATA_DIRS', '/home/rafi/.local/share/flatpak/exports/share:/var/lib/flatpak/exports/share:/usr/local/share/:/usr/share/:/usr/local/share:/usr/share'), ('PYTHONPATH', '/opt/ros/humble/lib/python3.10/site-packages:/opt/ros/humble/local/lib/python3.10/dist-packages'), ('COLCON', '1'), ('MEMORY_PRESSURE_WRITE', 'c29tZSAyMDAwMDAgMjAwMDAwMAA='), ('CMAKE_PREFIX_PATH', '/opt/ros/humble:/run/media/rafi/Technical/Github/ws_ros2_control_blink/install/serial')]), 'shell': False}
[0.611764] (arduino_blink) StdoutLine: {'line': b'-- Install configuration: ""\n'}
[0.611936] (arduino_blink) StdoutLine: {'line': b'-- Up-to-date: /run/media/rafi/Technical/Github/ws_ros2_control_blink/install/arduino_blink/share/arduino_blink/plugins/arduino_hardware.xml\n'}
[0.612072] (arduino_blink) StdoutLine: {'line': b'-- Up-to-date: /run/media/rafi/Technical/Github/ws_ros2_control_blink/install/arduino_blink/lib/libarduino_blink.so\n'}
[0.612200] (arduino_blink) StdoutLine: {'line': b'-- Up-to-date: /run/media/rafi/Technical/Github/ws_ros2_control_blink/install/arduino_blink/include\n'}
[0.612322] (arduino_blink) StdoutLine: {'line': b'-- Up-to-date: /run/media/rafi/Technical/Github/ws_ros2_control_blink/install/arduino_blink/include/arduino_blink\n'}
[0.612415] (arduino_blink) StdoutLine: {'line': b'-- Up-to-date: /run/media/rafi/Technical/Github/ws_ros2_control_blink/install/arduino_blink/include/blink.hpp\n'}
[0.612501] (arduino_blink) StdoutLine: {'line': b'-- Installing: /run/media/rafi/Technical/Github/ws_ros2_control_blink/install/arduino_blink/share/arduino_blink/arduino_hardware.xml\n'}
[0.612615] (arduino_blink) StdoutLine: {'line': b'-- Installing: /run/media/rafi/Technical/Github/ws_ros2_control_blink/install/arduino_blink/share/arduino_blink/environment/library_path.sh\n'}
[0.612720] (arduino_blink) StdoutLine: {'line': b'-- Installing: /run/media/rafi/Technical/Github/ws_ros2_control_blink/install/arduino_blink/share/arduino_blink/environment/library_path.dsv\n'}
[0.612833] (arduino_blink) StdoutLine: {'line': b'-- Installing: /run/media/rafi/Technical/Github/ws_ros2_control_blink/install/arduino_blink/share/ament_index/resource_index/package_run_dependencies/arduino_blink\n'}
[0.612940] (arduino_blink) StdoutLine: {'line': b'-- Installing: /run/media/rafi/Technical/Github/ws_ros2_control_blink/install/arduino_blink/share/ament_index/resource_index/parent_prefix_path/arduino_blink\n'}
[0.613055] (arduino_blink) StdoutLine: {'line': b'-- Installing: /run/media/rafi/Technical/Github/ws_ros2_control_blink/install/arduino_blink/share/arduino_blink/environment/ament_prefix_path.sh\n'}
[0.613169] (arduino_blink) StdoutLine: {'line': b'-- Installing: /run/media/rafi/Technical/Github/ws_ros2_control_blink/install/arduino_blink/share/arduino_blink/environment/ament_prefix_path.dsv\n'}
[0.613284] (arduino_blink) StdoutLine: {'line': b'-- Installing: /run/media/rafi/Technical/Github/ws_ros2_control_blink/install/arduino_blink/share/arduino_blink/environment/path.sh\n'}
[0.613394] (arduino_blink) StdoutLine: {'line': b'-- Installing: /run/media/rafi/Technical/Github/ws_ros2_control_blink/install/arduino_blink/share/arduino_blink/environment/path.dsv\n'}
[0.613526] (arduino_blink) StdoutLine: {'line': b'-- Installing: /run/media/rafi/Technical/Github/ws_ros2_control_blink/install/arduino_blink/share/arduino_blink/local_setup.bash\n'}
[0.613661] (arduino_blink) StdoutLine: {'line': b'-- Installing: /run/media/rafi/Technical/Github/ws_ros2_control_blink/install/arduino_blink/share/arduino_blink/local_setup.sh\n'}
[0.613774] (arduino_blink) StdoutLine: {'line': b'-- Installing: /run/media/rafi/Technical/Github/ws_ros2_control_blink/install/arduino_blink/share/arduino_blink/local_setup.zsh\n'}
[0.613883] (arduino_blink) StdoutLine: {'line': b'-- Installing: /run/media/rafi/Technical/Github/ws_ros2_control_blink/install/arduino_blink/share/arduino_blink/local_setup.dsv\n'}
[0.614019] (arduino_blink) StdoutLine: {'line': b'-- Installing: /run/media/rafi/Technical/Github/ws_ros2_control_blink/install/arduino_blink/share/arduino_blink/package.dsv\n'}
[0.614148] (arduino_blink) StdoutLine: {'line': b'-- Installing: /run/media/rafi/Technical/Github/ws_ros2_control_blink/install/arduino_blink/share/ament_index/resource_index/packages/arduino_blink\n'}
[0.614328] (arduino_blink) StdoutLine: {'line': b'-- Installing: /run/media/rafi/Technical/Github/ws_ros2_control_blink/install/arduino_blink/share/ament_index/resource_index/arduino_blink__pluginlib__plugin/arduino_blink\n'}
[0.614443] (arduino_blink) StdoutLine: {'line': b'-- Installing: /run/media/rafi/Technical/Github/ws_ros2_control_blink/install/arduino_blink/share/arduino_blink/cmake/ament_cmake_export_include_directories-extras.cmake\n'}
[0.614555] (arduino_blink) StdoutLine: {'line': b'-- Installing: /run/media/rafi/Technical/Github/ws_ros2_control_blink/install/arduino_blink/share/arduino_blink/cmake/ament_cmake_export_libraries-extras.cmake\n'}
[0.614720] (arduino_blink) StdoutLine: {'line': b'-- Installing: /run/media/rafi/Technical/Github/ws_ros2_control_blink/install/arduino_blink/share/arduino_blink/cmake/ament_cmake_export_dependencies-extras.cmake\n'}
[0.614832] (arduino_blink) StdoutLine: {'line': b'-- Installing: /run/media/rafi/Technical/Github/ws_ros2_control_blink/install/arduino_blink/share/arduino_blink/cmake/arduino_blinkConfig.cmake\n'}
[0.614943] (arduino_blink) StdoutLine: {'line': b'-- Installing: /run/media/rafi/Technical/Github/ws_ros2_control_blink/install/arduino_blink/share/arduino_blink/cmake/arduino_blinkConfig-version.cmake\n'}
[0.615049] (arduino_blink) StdoutLine: {'line': b'-- Installing: /run/media/rafi/Technical/Github/ws_ros2_control_blink/install/arduino_blink/share/arduino_blink/package.xml\n'}
[0.616384] (arduino_blink) CommandEnded: {'returncode': 0}
[0.627509] (arduino_blink) JobEnded: {'identifier': 'arduino_blink', 'rc': 0}
[0.628113] (-) EventReactorShutdown: {}
